6/16/2015 11:13:06 AM : ******************Start TestCase 0.1******************
6/16/2015 11:13:06 AM : Delete Logs and restart device
6/16/2015 11:13:06 AM : Delete sdcard/log file  -s 1b217014 shell rm -r /sdcard/log
6/16/2015 11:13:06 AM : System.Diagnostics.ProcessStartInfo
6/16/2015 11:13:16 AM : Going Back to Home screen.
6/16/2015 11:13:16 AM : System.Diagnostics.ProcessStartInfo
6/16/2015 11:13:28 AM : Problem taking screen shot for deviceID 1b217014 so  take it again, the name is Report\6-16-1b217014\ScreenShots\1b217014_currentScreen-2015-06-16_11-13-16-AM.png
6/16/2015 11:13:28 AM : Taking screen shot...
6/16/2015 11:13:28 AM : System.Diagnostics.ProcessStartInfo
6/16/2015 11:13:35 AM : Problem taking screen shot for deviceID 1b217014 so  take it again, the name is Report\6-16-1b217014\ScreenShots\1b217014_currentScreen-2015-06-16_11-13-28-AM.png
6/16/2015 11:13:35 AM : Taking screen shot...
6/16/2015 11:13:35 AM : System.Diagnostics.ProcessStartInfo
6/16/2015 11:13:41 AM : Problem taking screen shot for deviceID 1b217014 so  take it again, the name is Report\6-16-1b217014\ScreenShots\1b217014_currentScreen-2015-06-16_11-13-35-AM.png
6/16/2015 11:13:41 AM : Taking screen shot...
6/16/2015 11:13:41 AM : System.Diagnostics.ProcessStartInfo
6/16/2015 11:13:48 AM : Problem taking screen shot for deviceID 1b217014 so  take it again, the name is Report\6-16-1b217014\ScreenShots\1b217014_currentScreen-2015-06-16_11-13-41-AM.png
6/16/2015 11:13:48 AM : Taking screen shot...
6/16/2015 11:13:48 AM : System.Diagnostics.ProcessStartInfo
6/16/2015 11:13:48 AM : ******************Start TestCase 0.1******************
6/16/2015 11:13:48 AM : Delete Logs and restart device
6/16/2015 11:13:48 AM : Delete sdcard/log file  -s 1b217014 shell rm -r /sdcard/log
6/16/2015 11:13:48 AM : System.Diagnostics.ProcessStartInfo
6/16/2015 11:13:54 AM : Problem taking screen shot for deviceID 1b217014 so  take it again, the name is Report\6-16-1b217014\ScreenShots\1b217014_currentScreen-2015-06-16_11-13-48-AM.png
6/16/2015 11:13:54 AM : Taking screen shot...
6/16/2015 11:13:54 AM : System.Diagnostics.ProcessStartInfo
6/16/2015 11:13:58 AM : Going Back to Home screen.
6/16/2015 11:13:58 AM : System.Diagnostics.ProcessStartInfo
6/16/2015 11:14:01 AM : Problem taking screen shot for deviceID 1b217014 so  take it again, the name is Report\6-16-1b217014\ScreenShots\1b217014_currentScreen-2015-06-16_11-13-58-AM.png
6/16/2015 11:14:01 AM : Taking screen shot...
6/16/2015 11:14:01 AM : System.Diagnostics.ProcessStartInfo
6/16/2015 11:14:05 AM : Problem taking screen shot for deviceID 1b217014 so  take it again, the name is Report\6-16-1b217014\ScreenShots\1b217014_currentScreen-2015-06-16_11-14-01-AM.png
6/16/2015 11:14:05 AM : Taking screen shot...
6/16/2015 11:14:05 AM : System.Diagnostics.ProcessStartInfo
6/16/2015 11:14:08 AM : Problem taking screen shot for deviceID 1b217014 so  take it again, the name is Report\6-16-1b217014\ScreenShots\1b217014_currentScreen-2015-06-16_11-14-05-AM.png
6/16/2015 11:14:08 AM : Taking screen shot...
6/16/2015 11:14:08 AM : System.Diagnostics.ProcessStartInfo
6/16/2015 11:14:12 AM : Problem taking screen shot for deviceID 1b217014 so  take it again, the name is Report\6-16-1b217014\ScreenShots\1b217014_currentScreen-2015-06-16_11-14-08-AM.png
6/16/2015 11:14:12 AM : Taking screen shot...
6/16/2015 11:14:12 AM : System.Diagnostics.ProcessStartInfo
6/16/2015 11:14:14 AM : Problem taking screen shot for deviceID 1b217014 so  take it again, the name is Report\6-16-1b217014\ScreenShots\1b217014_currentScreen-2015-06-16_11-14-12-AM.png
6/16/2015 11:14:14 AM : Taking screen shot...
6/16/2015 11:14:14 AM : System.Diagnostics.ProcessStartInfo
6/16/2015 11:14:18 AM : Problem taking screen shot for deviceID 1b217014 so  take it again, the name is Report\6-16-1b217014\ScreenShots\1b217014_currentScreen-2015-06-16_11-14-14-AM.png
6/16/2015 11:14:18 AM : Taking screen shot...
6/16/2015 11:14:18 AM : System.Diagnostics.ProcessStartInfo
6/16/2015 11:14:21 AM : Problem taking screen shot for deviceID 1b217014 so  take it again, the name is Report\6-16-1b217014\ScreenShots\1b217014_currentScreen-2015-06-16_11-14-18-AM.png
6/16/2015 11:14:21 AM : Taking screen shot...
6/16/2015 11:14:21 AM : System.Diagnostics.ProcessStartInfo
6/16/2015 11:14:25 AM : Problem taking screen shot for deviceID 1b217014 so  take it again, the name is Report\6-16-1b217014\ScreenShots\1b217014_currentScreen-2015-06-16_11-14-21-AM.png
6/16/2015 11:14:25 AM : Taking screen shot...
6/16/2015 11:14:25 AM : System.Diagnostics.ProcessStartInfo
6/16/2015 11:14:28 AM : Problem taking screen shot for deviceID 1b217014 so  take it again, the name is Report\6-16-1b217014\ScreenShots\1b217014_currentScreen-2015-06-16_11-14-25-AM.png
6/16/2015 11:14:28 AM : Taking screen shot...
6/16/2015 11:14:28 AM : System.Diagnostics.ProcessStartInfo
6/16/2015 11:14:31 AM : Problem taking screen shot for deviceID 1b217014 so  take it again, the name is Report\6-16-1b217014\ScreenShots\1b217014_currentScreen-2015-06-16_11-14-28-AM.png
6/16/2015 11:14:31 AM : Taking screen shot...
6/16/2015 11:14:31 AM : System.Diagnostics.ProcessStartInfo
6/16/2015 11:14:34 AM : Problem taking screen shot for deviceID 1b217014 so  take it again, the name is Report\6-16-1b217014\ScreenShots\1b217014_currentScreen-2015-06-16_11-14-31-AM.png
6/16/2015 11:14:34 AM : Taking screen shot...
6/16/2015 11:14:34 AM : System.Diagnostics.ProcessStartInfo
6/16/2015 11:14:38 AM : Problem taking screen shot for deviceID 1b217014 so  take it again, the name is Report\6-16-1b217014\ScreenShots\1b217014_currentScreen-2015-06-16_11-14-34-AM.png
6/16/2015 11:14:38 AM : Taking screen shot...
6/16/2015 11:14:38 AM : System.Diagnostics.ProcessStartInfo
6/16/2015 11:14:41 AM : Problem taking screen shot for deviceID 1b217014 so  take it again, the name is Report\6-16-1b217014\ScreenShots\1b217014_currentScreen-2015-06-16_11-14-38-AM.png
6/16/2015 11:14:41 AM : Taking screen shot...
6/16/2015 11:14:41 AM : System.Diagnostics.ProcessStartInfo
6/16/2015 11:14:45 AM : Problem taking screen shot for deviceID 1b217014 so  take it again, the name is Report\6-16-1b217014\ScreenShots\1b217014_currentScreen-2015-06-16_11-14-41-AM.png
6/16/2015 11:14:45 AM : Taking screen shot...
6/16/2015 11:14:45 AM : System.Diagnostics.ProcessStartInfo
6/16/2015 11:14:48 AM : Problem taking screen shot for deviceID 1b217014 so  take it again, the name is Report\6-16-1b217014\ScreenShots\1b217014_currentScreen-2015-06-16_11-14-45-AM.png
6/16/2015 11:14:48 AM : Taking screen shot...
6/16/2015 11:14:48 AM : System.Diagnostics.ProcessStartInfo
6/16/2015 11:14:51 AM : Problem taking screen shot for deviceID 1b217014 so  take it again, the name is Report\6-16-1b217014\ScreenShots\1b217014_currentScreen-2015-06-16_11-14-48-AM.png
6/16/2015 11:14:51 AM : Taking screen shot...
6/16/2015 11:14:51 AM : System.Diagnostics.ProcessStartInfo
6/16/2015 11:14:54 AM : Problem taking screen shot for deviceID 1b217014 so  take it again, the name is Report\6-16-1b217014\ScreenShots\1b217014_currentScreen-2015-06-16_11-14-51-AM.png
6/16/2015 11:14:54 AM : Taking screen shot...
6/16/2015 11:14:54 AM : System.Diagnostics.ProcessStartInfo
6/16/2015 11:14:58 AM : Problem taking screen shot for deviceID 1b217014 so  take it again, the name is Report\6-16-1b217014\ScreenShots\1b217014_currentScreen-2015-06-16_11-14-54-AM.png
6/16/2015 11:14:58 AM : Taking screen shot...
6/16/2015 11:14:58 AM : System.Diagnostics.ProcessStartInfo
6/16/2015 11:15:01 AM : Problem taking screen shot for deviceID 1b217014 so  take it again, the name is Report\6-16-1b217014\ScreenShots\1b217014_currentScreen-2015-06-16_11-14-58-AM.png
6/16/2015 11:15:01 AM : Taking screen shot...
6/16/2015 11:15:01 AM : System.Diagnostics.ProcessStartInfo
6/16/2015 11:15:04 AM : ******************Start TestCase 0.1******************
6/16/2015 11:15:04 AM : Delete Logs and restart device
6/16/2015 11:15:04 AM : Delete sdcard/log file  -s 1b217014 shell rm -r /sdcard/log
6/16/2015 11:15:04 AM : System.Diagnostics.ProcessStartInfo
6/16/2015 11:15:05 AM : Problem taking screen shot for deviceID 1b217014 so  take it again, the name is Report\6-16-1b217014\ScreenShots\1b217014_currentScreen-2015-06-16_11-15-01-AM.png
6/16/2015 11:15:05 AM : Taking screen shot...
6/16/2015 11:15:05 AM : System.Diagnostics.ProcessStartInfo
6/16/2015 11:15:07 AM : Problem taking screen shot for deviceID 1b217014 so  take it again, the name is Report\6-16-1b217014\ScreenShots\1b217014_currentScreen-2015-06-16_11-15-05-AM.png
6/16/2015 11:15:07 AM : Taking screen shot...
6/16/2015 11:15:07 AM : System.Diagnostics.ProcessStartInfo
6/16/2015 11:15:11 AM : Problem taking screen shot for deviceID 1b217014 so  take it again, the name is Report\6-16-1b217014\ScreenShots\1b217014_currentScreen-2015-06-16_11-15-07-AM.png
6/16/2015 11:15:11 AM : Taking screen shot...
6/16/2015 11:15:11 AM : System.Diagnostics.ProcessStartInfo
6/16/2015 11:15:14 AM : Problem taking screen shot for deviceID 1b217014 so  take it again, the name is Report\6-16-1b217014\ScreenShots\1b217014_currentScreen-2015-06-16_11-15-11-AM.png
6/16/2015 11:15:14 AM : Taking screen shot...
6/16/2015 11:15:14 AM : System.Diagnostics.ProcessStartInfo
6/16/2015 11:15:15 AM : Going Back to Home screen.
6/16/2015 11:15:15 AM : System.Diagnostics.ProcessStartInfo
6/16/2015 11:15:18 AM : Problem taking screen shot for deviceID 1b217014 so  take it again, the name is Report\6-16-1b217014\ScreenShots\1b217014_currentScreen-2015-06-16_11-15-15-AM.png
6/16/2015 11:15:18 AM : Taking screen shot...
6/16/2015 11:15:18 AM : System.Diagnostics.ProcessStartInfo
6/16/2015 11:15:21 AM : Problem taking screen shot for deviceID 1b217014 so  take it again, the name is Report\6-16-1b217014\ScreenShots\1b217014_currentScreen-2015-06-16_11-15-18-AM.png
6/16/2015 11:15:21 AM : Taking screen shot...
6/16/2015 11:15:21 AM : System.Diagnostics.ProcessStartInfo
6/16/2015 11:15:21 AM : Problem taking screen shot for deviceID 1b217014 so  take it again, the name is Report\6-16-1b217014\ScreenShots\1b217014_currentScreen-2015-06-16_11-15-21-AM.png
6/16/2015 11:15:21 AM : Taking screen shot...
6/16/2015 11:15:21 AM : System.Diagnostics.ProcessStartInfo
6/16/2015 11:15:26 AM : 1b217014_currentScreen-2015-06-16_11-15-18-AM.png
6/16/2015 11:15:26 AM : Problem taking screen shot for deviceID 1b217014 so  take it again, the name is Report\6-16-1b217014\ScreenShots\1b217014_currentScreen-2015-06-16_11-15-21-AM.png
6/16/2015 11:15:26 AM : Taking screen shot...
6/16/2015 11:15:26 AM : System.Diagnostics.ProcessStartInfo
6/16/2015 11:15:27 AM : ******************Start TestCase 0.1******************
6/16/2015 11:15:27 AM : Delete Logs and restart device
6/16/2015 11:15:27 AM : Delete sdcard/log file  -s 1b217014 shell rm -r /sdcard/log
6/16/2015 11:15:27 AM : System.Diagnostics.ProcessStartInfo
6/16/2015 11:15:28 AM : 1b217014_currentScreen-2015-06-16_11-15-21-AM.png
6/16/2015 11:15:28 AM : 1b217014_currentScreen-2015-06-16_11-15-21-AM.png
6/16/2015 11:15:29 AM : Problem taking screen shot for deviceID 1b217014 so  take it again, the name is Report\6-16-1b217014\ScreenShots\1b217014_currentScreen-2015-06-16_11-15-26-AM.png
6/16/2015 11:15:29 AM : Taking screen shot...
6/16/2015 11:15:29 AM : System.Diagnostics.ProcessStartInfo
6/16/2015 11:15:29 AM : Taking screen shot...
6/16/2015 11:15:29 AM : System.Diagnostics.ProcessStartInfo
6/16/2015 11:15:32 AM : 1b217014_currentScreen-2015-06-16_11-15-26-AM.png
6/16/2015 11:15:32 AM : Problem taking screen shot for deviceID 1b217014 so  take it again, the name is Report\6-16-1b217014\ScreenShots\1b217014_currentScreen-2015-06-16_11-15-29-AM.png
6/16/2015 11:15:32 AM : Taking screen shot...
6/16/2015 11:15:32 AM : System.Diagnostics.ProcessStartInfo
6/16/2015 11:15:37 AM : Going Back to Home screen.
6/16/2015 11:15:37 AM : System.Diagnostics.ProcessStartInfo
6/16/2015 11:15:37 AM : 1b217014_currentScreen-2015-06-16_11-15-29-AM.png
6/16/2015 11:15:38 AM : Problem taking screen shot for deviceID 1b217014 so  take it again, the name is Report\6-16-1b217014\ScreenShots\1b217014_currentScreen-2015-06-16_11-15-37-AM.png
6/16/2015 11:15:38 AM : Taking screen shot...
6/16/2015 11:15:38 AM : System.Diagnostics.ProcessStartInfo
6/16/2015 11:15:39 AM : Problem taking screen shot for deviceID 1b217014 so  take it again, the name is Report\6-16-1b217014\ScreenShots\1b217014_currentScreen-2015-06-16_11-15-38-AM.png
6/16/2015 11:15:39 AM : Taking screen shot...
6/16/2015 11:15:39 AM : System.Diagnostics.ProcessStartInfo
6/16/2015 11:15:40 AM : 1b217014_currentScreen-2015-06-16_11-15-32-AM.png
6/16/2015 11:15:40 AM : Problem taking screen shot for deviceID 1b217014 so  take it again, the name is Report\6-16-1b217014\ScreenShots\1b217014_currentScreen-2015-06-16_11-15-39-AM.png
6/16/2015 11:15:40 AM : Taking screen shot...
6/16/2015 11:15:40 AM : System.Diagnostics.ProcessStartInfo
6/16/2015 11:15:42 AM : 1b217014_currentScreen-2015-06-16_11-15-38-AM.png
6/16/2015 11:15:42 AM : Problem taking screen shot for deviceID 1b217014 so  take it again, the name is Report\6-16-1b217014\ScreenShots\1b217014_currentScreen-2015-06-16_11-15-40-AM.png
6/16/2015 11:15:42 AM : Taking screen shot...
6/16/2015 11:15:43 AM : System.Diagnostics.ProcessStartInfo
6/16/2015 11:15:44 AM : Problem taking screen shot for deviceID 1b217014 so  take it again, the name is Report\6-16-1b217014\ScreenShots\1b217014_currentScreen-2015-06-16_11-15-43-AM.png
6/16/2015 11:15:44 AM : Taking screen shot...
6/16/2015 11:15:44 AM : System.Diagnostics.ProcessStartInfo
6/16/2015 11:15:45 AM : 1b217014_currentScreen-2015-06-16_11-15-40-AM.png
6/16/2015 11:15:45 AM : Problem taking screen shot for deviceID 1b217014 so  take it again, the name is Report\6-16-1b217014\ScreenShots\1b217014_currentScreen-2015-06-16_11-15-44-AM.png
6/16/2015 11:15:45 AM : Taking screen shot...
6/16/2015 11:15:45 AM : System.Diagnostics.ProcessStartInfo
6/16/2015 11:15:47 AM : Problem taking screen shot for deviceID 1b217014 so  take it again, the name is Report\6-16-1b217014\ScreenShots\1b217014_currentScreen-2015-06-16_11-15-45-AM.png
6/16/2015 11:15:47 AM : Taking screen shot...
6/16/2015 11:15:47 AM : System.Diagnostics.ProcessStartInfo
6/16/2015 11:15:49 AM : 1b217014_currentScreen-2015-06-16_11-15-43-AM.png
6/16/2015 11:15:49 AM : Problem taking screen shot for deviceID 1b217014 so  take it again, the name is Report\6-16-1b217014\ScreenShots\1b217014_currentScreen-2015-06-16_11-15-47-AM.png
6/16/2015 11:15:49 AM : Taking screen shot...
6/16/2015 11:15:49 AM : System.Diagnostics.ProcessStartInfo
6/16/2015 11:15:51 AM : 1b217014_currentScreen-2015-06-16_11-15-45-AM.png
6/16/2015 11:15:51 AM : 1b217014_currentScreen-2015-06-16_11-15-45-AM.png
6/16/2015 11:15:52 AM : Problem taking screen shot for deviceID 1b217014 so  take it again, the name is Report\6-16-1b217014\ScreenShots\1b217014_currentScreen-2015-06-16_11-15-49-AM.png
6/16/2015 11:15:52 AM : Taking screen shot...
6/16/2015 11:15:52 AM : System.Diagnostics.ProcessStartInfo
6/16/2015 11:15:52 AM : Problem taking screen shot for deviceID 1b217014 so  take it again, the name is Report\6-16-1b217014\ScreenShots\1b217014_currentScreen-2015-06-16_11-15-52-AM.png
6/16/2015 11:15:52 AM : Taking screen shot...
6/16/2015 11:15:52 AM : System.Diagnostics.ProcessStartInfo
6/16/2015 11:15:53 AM : 1b217014_currentScreen-2015-06-16_11-15-47-AM.png
6/16/2015 11:15:53 AM : Problem taking screen shot for deviceID 1b217014 so  take it again, the name is Report\6-16-1b217014\ScreenShots\1b217014_currentScreen-2015-06-16_11-15-52-AM.png
6/16/2015 11:15:53 AM : Taking screen shot...
6/16/2015 11:15:53 AM : System.Diagnostics.ProcessStartInfo
6/16/2015 11:15:55 AM : 1b217014_currentScreen-2015-06-16_11-15-49-AM.png
6/16/2015 11:15:56 AM : Problem taking screen shot for deviceID 1b217014 so  take it again, the name is Report\6-16-1b217014\ScreenShots\1b217014_currentScreen-2015-06-16_11-15-53-AM.png
6/16/2015 11:15:56 AM : Taking screen shot...
6/16/2015 11:15:56 AM : System.Diagnostics.ProcessStartInfo
6/16/2015 11:15:57 AM : 1b217014_currentScreen-2015-06-16_11-15-53-AM.png
6/16/2015 11:15:58 AM : Problem taking screen shot for deviceID 1b217014 so  take it again, the name is Report\6-16-1b217014\ScreenShots\1b217014_currentScreen-2015-06-16_11-15-56-AM.png
6/16/2015 11:15:58 AM : Taking screen shot...
6/16/2015 11:15:58 AM : System.Diagnostics.ProcessStartInfo
6/16/2015 11:16:00 AM : Problem taking screen shot for deviceID 1b217014 so  take it again, the name is Report\6-16-1b217014\ScreenShots\1b217014_currentScreen-2015-06-16_11-15-58-AM.png
6/16/2015 11:16:00 AM : Taking screen shot...
6/16/2015 11:16:00 AM : System.Diagnostics.ProcessStartInfo
6/16/2015 11:16:00 AM : Problem taking screen shot for deviceID 1b217014 so  take it again, the name is Report\6-16-1b217014\ScreenShots\1b217014_currentScreen-2015-06-16_11-16-00-AM.png
6/16/2015 11:16:00 AM : Taking screen shot...
6/16/2015 11:16:00 AM : System.Diagnostics.ProcessStartInfo
6/16/2015 11:16:01 AM : 1b217014_currentScreen-2015-06-16_11-15-56-AM.png
6/16/2015 11:16:01 AM : Problem taking screen shot for deviceID 1b217014 so  take it again, the name is Report\6-16-1b217014\ScreenShots\1b217014_currentScreen-2015-06-16_11-16-00-AM.png
6/16/2015 11:16:01 AM : Taking screen shot...
6/16/2015 11:16:01 AM : System.Diagnostics.ProcessStartInfo
6/16/2015 11:16:04 AM : Problem taking screen shot for deviceID 1b217014 so  take it again, the name is Report\6-16-1b217014\ScreenShots\1b217014_currentScreen-2015-06-16_11-16-01-AM.png
6/16/2015 11:16:04 AM : Taking screen shot...
6/16/2015 11:16:04 AM : System.Diagnostics.ProcessStartInfo
6/16/2015 11:16:10 AM : Problem taking screen shot for deviceID 1b217014 so  take it again, the name is Report\6-16-1b217014\ScreenShots\1b217014_currentScreen-2015-06-16_11-16-04-AM.png
6/16/2015 11:16:10 AM : Taking screen shot...
6/16/2015 11:16:10 AM : System.Diagnostics.ProcessStartInfo
6/16/2015 11:16:20 AM : ******************Start TestCase 0.1******************
6/16/2015 11:16:20 AM : Delete Logs and restart device
6/16/2015 11:16:20 AM : Delete sdcard/log file  -s 1b217014 shell rm -r /sdcard/log
6/16/2015 11:16:20 AM : System.Diagnostics.ProcessStartInfo
6/16/2015 11:16:30 AM : Going Back to Home screen.
6/16/2015 11:16:30 AM : System.Diagnostics.ProcessStartInfo
6/16/2015 11:17:30 AM : 1b217014_currentScreen-2015-06-16_11-16-10-AM.png
6/16/2015 11:17:30 AM : 1b217014_currentScreen-2015-06-16_11-16-00-AM.png
6/16/2015 11:17:30 AM : 1b217014_currentScreen-2015-06-16_11-16-01-AM.png
6/16/2015 11:17:30 AM : 1b217014_currentScreen-2015-06-16_11-16-00-AM.png
6/16/2015 11:17:30 AM : 1b217014_currentScreen-2015-06-16_11-16-30-AM.png
6/16/2015 11:17:31 AM : Going Back to Home screen.
6/16/2015 11:17:31 AM : System.Diagnostics.ProcessStartInfo
6/16/2015 11:17:34 AM : System.Diagnostics.ProcessStartInfo
6/16/2015 11:17:34 AM : System.Diagnostics.ProcessStartInfo
6/16/2015 11:17:34 AM : System.Diagnostics.ProcessStartInfo
6/16/2015 11:17:34 AM : System.Diagnostics.ProcessStartInfo
6/16/2015 11:17:37 AM : Clicking by template DialerIconStart.png
6/16/2015 11:17:37 AM : Verfiying template DialerIconStart.png
6/16/2015 11:17:37 AM : Accuracy is D=0.999764204025269
6/16/2015 11:17:37 AM : Template DialerIconStart.png is Verified. 
6/16/2015 11:17:37 AM : Touching on  X=47, Y=860
6/16/2015 11:17:37 AM : System.Diagnostics.ProcessStartInfo
6/16/2015 11:17:40 AM : 1b217014_currentScreen-2015-06-16_11-17-31-AM.png
6/16/2015 11:17:41 AM : Problem taking screen shot for deviceID 1b217014 so  take it again, the name is Report\6-16-1b217014\ScreenShots\1b217014_currentScreen-2015-06-16_11-17-37-AM.png
6/16/2015 11:17:41 AM : Taking screen shot...
6/16/2015 11:17:41 AM : System.Diagnostics.ProcessStartInfo
6/16/2015 11:17:43 AM : Problem taking screen shot for deviceID 1b217014 so  take it again, the name is Report\6-16-1b217014\ScreenShots\1b217014_currentScreen-2015-06-16_11-17-41-AM.png
6/16/2015 11:17:43 AM : Taking screen shot...
6/16/2015 11:17:43 AM : System.Diagnostics.ProcessStartInfo
6/16/2015 11:17:43 AM : Problem taking screen shot for deviceID 1b217014 so  take it again, the name is Report\6-16-1b217014\ScreenShots\1b217014_currentScreen-2015-06-16_11-17-43-AM.png
6/16/2015 11:17:43 AM : Taking screen shot...
6/16/2015 11:17:43 AM : System.Diagnostics.ProcessStartInfo
6/16/2015 11:17:43 AM : Problem taking screen shot for deviceID 1b217014 so  take it again, the name is Report\6-16-1b217014\ScreenShots\1b217014_currentScreen-2015-06-16_11-17-43-AM.png
6/16/2015 11:17:43 AM : Taking screen shot...
6/16/2015 11:17:43 AM : System.Diagnostics.ProcessStartInfo
6/16/2015 11:17:44 AM : 1b217014_currentScreen-2015-06-16_11-17-37-AM.png
6/16/2015 11:17:44 AM : Problem taking screen shot for deviceID 1b217014 so  take it again, the name is Report\6-16-1b217014\ScreenShots\1b217014_currentScreen-2015-06-16_11-17-43-AM.png
6/16/2015 11:17:44 AM : Taking screen shot...
6/16/2015 11:17:44 AM : System.Diagnostics.ProcessStartInfo
6/16/2015 11:17:46 AM : 1b217014_currentScreen-2015-06-16_11-17-41-AM.png
6/16/2015 11:17:47 AM : Problem taking screen shot for deviceID 1b217014 so  take it again, the name is Report\6-16-1b217014\ScreenShots\1b217014_currentScreen-2015-06-16_11-17-44-AM.png
6/16/2015 11:17:47 AM : Taking screen shot...
6/16/2015 11:17:47 AM : System.Diagnostics.ProcessStartInfo
6/16/2015 11:17:52 AM : 1b217014_currentScreen-2015-06-16_11-17-44-AM.png
6/16/2015 11:17:52 AM : Problem taking screen shot for deviceID 1b217014 so  take it again, the name is Report\6-16-1b217014\ScreenShots\1b217014_currentScreen-2015-06-16_11-17-47-AM.png
6/16/2015 11:17:52 AM : Taking screen shot...
6/16/2015 11:17:52 AM : System.Diagnostics.ProcessStartInfo
6/16/2015 11:17:54 AM : Problem taking screen shot for deviceID 1b217014 so  take it again, the name is Report\6-16-1b217014\ScreenShots\1b217014_currentScreen-2015-06-16_11-17-52-AM.png
6/16/2015 11:17:54 AM : Taking screen shot...
6/16/2015 11:17:54 AM : System.Diagnostics.ProcessStartInfo
6/16/2015 11:17:54 AM : Problem taking screen shot for deviceID 1b217014 so  take it again, the name is Report\6-16-1b217014\ScreenShots\1b217014_currentScreen-2015-06-16_11-17-54-AM.png
6/16/2015 11:17:54 AM : Taking screen shot...
6/16/2015 11:17:54 AM : System.Diagnostics.ProcessStartInfo
6/16/2015 11:17:54 AM : Problem taking screen shot for deviceID 1b217014 so  take it again, the name is Report\6-16-1b217014\ScreenShots\1b217014_currentScreen-2015-06-16_11-17-54-AM.png
6/16/2015 11:17:54 AM : Taking screen shot...
6/16/2015 11:17:54 AM : System.Diagnostics.ProcessStartInfo
6/16/2015 11:17:55 AM : 1b217014_currentScreen-2015-06-16_11-17-47-AM.png
6/16/2015 11:17:55 AM : Problem taking screen shot for deviceID 1b217014 so  take it again, the name is Report\6-16-1b217014\ScreenShots\1b217014_currentScreen-2015-06-16_11-17-54-AM.png
6/16/2015 11:17:55 AM : Taking screen shot...
6/16/2015 11:17:55 AM : System.Diagnostics.ProcessStartInfo
6/16/2015 11:17:58 AM : 1b217014_currentScreen-2015-06-16_11-17-52-AM.png
6/16/2015 11:17:58 AM : Problem taking screen shot for deviceID 1b217014 so  take it again, the name is Report\6-16-1b217014\ScreenShots\1b217014_currentScreen-2015-06-16_11-17-55-AM.png
6/16/2015 11:17:58 AM : Taking screen shot...
6/16/2015 11:17:58 AM : System.Diagnostics.ProcessStartInfo
6/16/2015 11:18:02 AM : 1b217014_currentScreen-2015-06-16_11-17-55-AM.png
6/16/2015 11:18:03 AM : Problem taking screen shot for deviceID 1b217014 so  take it again, the name is Report\6-16-1b217014\ScreenShots\1b217014_currentScreen-2015-06-16_11-17-58-AM.png
6/16/2015 11:18:03 AM : Taking screen shot...
6/16/2015 11:18:03 AM : System.Diagnostics.ProcessStartInfo
6/16/2015 11:18:05 AM : Problem taking screen shot for deviceID 1b217014 so  take it again, the name is Report\6-16-1b217014\ScreenShots\1b217014_currentScreen-2015-06-16_11-18-03-AM.png
6/16/2015 11:18:05 AM : Taking screen shot...
6/16/2015 11:18:05 AM : System.Diagnostics.ProcessStartInfo
6/16/2015 11:18:05 AM : Problem taking screen shot for deviceID 1b217014 so  take it again, the name is Report\6-16-1b217014\ScreenShots\1b217014_currentScreen-2015-06-16_11-18-05-AM.png
6/16/2015 11:18:05 AM : Taking screen shot...
6/16/2015 11:18:05 AM : System.Diagnostics.ProcessStartInfo
6/16/2015 11:18:05 AM : Problem taking screen shot for deviceID 1b217014 so  take it again, the name is Report\6-16-1b217014\ScreenShots\1b217014_currentScreen-2015-06-16_11-18-05-AM.png
6/16/2015 11:18:05 AM : Taking screen shot...
6/16/2015 11:18:05 AM : System.Diagnostics.ProcessStartInfo
6/16/2015 11:18:05 AM : 1b217014_currentScreen-2015-06-16_11-17-58-AM.png
6/16/2015 11:18:06 AM : Problem taking screen shot for deviceID 1b217014 so  take it again, the name is Report\6-16-1b217014\ScreenShots\1b217014_currentScreen-2015-06-16_11-18-05-AM.png
6/16/2015 11:18:06 AM : Taking screen shot...
6/16/2015 11:18:06 AM : System.Diagnostics.ProcessStartInfo
6/16/2015 11:18:08 AM : 1b217014_currentScreen-2015-06-16_11-18-03-AM.png
6/16/2015 11:18:09 AM : Problem taking screen shot for deviceID 1b217014 so  take it again, the name is Report\6-16-1b217014\ScreenShots\1b217014_currentScreen-2015-06-16_11-18-06-AM.png
6/16/2015 11:18:09 AM : Taking screen shot...
6/16/2015 11:18:09 AM : System.Diagnostics.ProcessStartInfo
6/16/2015 11:18:13 AM : 1b217014_currentScreen-2015-06-16_11-18-06-AM.png
6/16/2015 11:18:14 AM : Problem taking screen shot for deviceID 1b217014 so  take it again, the name is Report\6-16-1b217014\ScreenShots\1b217014_currentScreen-2015-06-16_11-18-09-AM.png
6/16/2015 11:18:14 AM : Taking screen shot...
6/16/2015 11:18:14 AM : System.Diagnostics.ProcessStartInfo
6/16/2015 11:18:16 AM : Problem taking screen shot for deviceID 1b217014 so  take it again, the name is Report\6-16-1b217014\ScreenShots\1b217014_currentScreen-2015-06-16_11-18-14-AM.png
6/16/2015 11:18:16 AM : Taking screen shot...
6/16/2015 11:18:16 AM : System.Diagnostics.ProcessStartInfo
6/16/2015 11:18:16 AM : Problem taking screen shot for deviceID 1b217014 so  take it again, the name is Report\6-16-1b217014\ScreenShots\1b217014_currentScreen-2015-06-16_11-18-16-AM.png
6/16/2015 11:18:16 AM : Taking screen shot...
6/16/2015 11:18:16 AM : System.Diagnostics.ProcessStartInfo
6/16/2015 11:18:16 AM : Problem taking screen shot for deviceID 1b217014 so  take it again, the name is Report\6-16-1b217014\ScreenShots\1b217014_currentScreen-2015-06-16_11-18-16-AM.png
6/16/2015 11:18:16 AM : Taking screen shot...
6/16/2015 11:18:16 AM : System.Diagnostics.ProcessStartInfo
6/16/2015 11:18:16 AM : 1b217014_currentScreen-2015-06-16_11-18-09-AM.png
6/16/2015 11:18:16 AM : Problem taking screen shot for deviceID 1b217014 so  take it again, the name is Report\6-16-1b217014\ScreenShots\1b217014_currentScreen-2015-06-16_11-18-16-AM.png
6/16/2015 11:18:16 AM : Taking screen shot...
6/16/2015 11:18:16 AM : System.Diagnostics.ProcessStartInfo
6/16/2015 11:18:19 AM : 1b217014_currentScreen-2015-06-16_11-18-14-AM.png
6/16/2015 11:18:20 AM : Problem taking screen shot for deviceID 1b217014 so  take it again, the name is Report\6-16-1b217014\ScreenShots\1b217014_currentScreen-2015-06-16_11-18-16-AM.png
6/16/2015 11:18:20 AM : Taking screen shot...
6/16/2015 11:18:20 AM : System.Diagnostics.ProcessStartInfo
6/16/2015 11:18:24 AM : 1b217014_currentScreen-2015-06-16_11-18-16-AM.png
6/16/2015 11:18:24 AM : Problem taking screen shot for deviceID 1b217014 so  take it again, the name is Report\6-16-1b217014\ScreenShots\1b217014_currentScreen-2015-06-16_11-18-20-AM.png
6/16/2015 11:18:24 AM : Taking screen shot...
6/16/2015 11:18:24 AM : System.Diagnostics.ProcessStartInfo
6/16/2015 11:18:26 AM : Problem taking screen shot for deviceID 1b217014 so  take it again, the name is Report\6-16-1b217014\ScreenShots\1b217014_currentScreen-2015-06-16_11-18-24-AM.png
6/16/2015 11:18:26 AM : Taking screen shot...
6/16/2015 11:18:26 AM : System.Diagnostics.ProcessStartInfo
6/16/2015 11:18:26 AM : Problem taking screen shot for deviceID 1b217014 so  take it again, the name is Report\6-16-1b217014\ScreenShots\1b217014_currentScreen-2015-06-16_11-18-26-AM.png
6/16/2015 11:18:26 AM : Taking screen shot...
6/16/2015 11:18:27 AM : System.Diagnostics.ProcessStartInfo
6/16/2015 11:18:27 AM : Problem taking screen shot for deviceID 1b217014 so  take it again, the name is Report\6-16-1b217014\ScreenShots\1b217014_currentScreen-2015-06-16_11-18-27-AM.png
6/16/2015 11:18:27 AM : Taking screen shot...
6/16/2015 11:18:27 AM : System.Diagnostics.ProcessStartInfo
6/16/2015 11:18:27 AM : 1b217014_currentScreen-2015-06-16_11-18-20-AM.png
6/16/2015 11:18:27 AM : Problem taking screen shot for deviceID 1b217014 so  take it again, the name is Report\6-16-1b217014\ScreenShots\1b217014_currentScreen-2015-06-16_11-18-27-AM.png
6/16/2015 11:18:27 AM : Taking screen shot...
6/16/2015 11:18:27 AM : System.Diagnostics.ProcessStartInfo
6/16/2015 11:18:30 AM : 1b217014_currentScreen-2015-06-16_11-18-24-AM.png
6/16/2015 11:18:30 AM : Problem taking screen shot for deviceID 1b217014 so  take it again, the name is Report\6-16-1b217014\ScreenShots\1b217014_currentScreen-2015-06-16_11-18-27-AM.png
6/16/2015 11:18:30 AM : Taking screen shot...
6/16/2015 11:18:30 AM : System.Diagnostics.ProcessStartInfo
6/16/2015 11:18:35 AM : 1b217014_currentScreen-2015-06-16_11-18-27-AM.png
6/16/2015 11:18:35 AM : Problem taking screen shot for deviceID 1b217014 so  take it again, the name is Report\6-16-1b217014\ScreenShots\1b217014_currentScreen-2015-06-16_11-18-30-AM.png
6/16/2015 11:18:35 AM : Taking screen shot...
6/16/2015 11:18:35 AM : System.Diagnostics.ProcessStartInfo
6/16/2015 11:18:37 AM : Problem taking screen shot for deviceID 1b217014 so  take it again, the name is Report\6-16-1b217014\ScreenShots\1b217014_currentScreen-2015-06-16_11-18-35-AM.png
6/16/2015 11:18:37 AM : Taking screen shot...
6/16/2015 11:18:37 AM : System.Diagnostics.ProcessStartInfo
6/16/2015 11:18:37 AM : Problem taking screen shot for deviceID 1b217014 so  take it again, the name is Report\6-16-1b217014\ScreenShots\1b217014_currentScreen-2015-06-16_11-18-37-AM.png
6/16/2015 11:18:37 AM : Taking screen shot...
6/16/2015 11:18:37 AM : System.Diagnostics.ProcessStartInfo
6/16/2015 11:18:37 AM : System.Diagnostics.ProcessStartInfo
6/16/2015 11:18:37 AM : 1b217014_currentScreen-2015-06-16_11-18-30-AM.png
6/16/2015 11:18:38 AM : Problem taking screen shot for deviceID 1b217014 so  take it again, the name is Report\6-16-1b217014\ScreenShots\1b217014_currentScreen-2015-06-16_11-18-37-AM.png
6/16/2015 11:18:38 AM : Taking screen shot...
6/16/2015 11:18:38 AM : System.Diagnostics.ProcessStartInfo
6/16/2015 11:18:41 AM : 1b217014_currentScreen-2015-06-16_11-18-35-AM.png
6/16/2015 11:18:41 AM : Problem taking screen shot for deviceID 1b217014 so  take it again, the name is Report\6-16-1b217014\ScreenShots\1b217014_currentScreen-2015-06-16_11-18-38-AM.png
6/16/2015 11:18:41 AM : Taking screen shot...
6/16/2015 11:18:41 AM : System.Diagnostics.ProcessStartInfo
6/16/2015 11:18:45 AM : 1b217014_currentScreen-2015-06-16_11-18-38-AM.png
6/16/2015 11:18:46 AM : Problem taking screen shot for deviceID 1b217014 so  take it again, the name is Report\6-16-1b217014\ScreenShots\1b217014_currentScreen-2015-06-16_11-18-41-AM.png
6/16/2015 11:18:46 AM : Taking screen shot...
6/16/2015 11:18:46 AM : System.Diagnostics.ProcessStartInfo
6/16/2015 11:18:48 AM : Problem taking screen shot for deviceID 1b217014 so  take it again, the name is Report\6-16-1b217014\ScreenShots\1b217014_currentScreen-2015-06-16_11-18-46-AM.png
6/16/2015 11:18:48 AM : Taking screen shot...
6/16/2015 11:18:48 AM : System.Diagnostics.ProcessStartInfo
6/16/2015 11:18:48 AM : Problem taking screen shot for deviceID 1b217014 so  take it again, the name is Report\6-16-1b217014\ScreenShots\1b217014_currentScreen-2015-06-16_11-18-48-AM.png
6/16/2015 11:18:48 AM : Taking screen shot...
6/16/2015 11:18:48 AM : System.Diagnostics.ProcessStartInfo
6/16/2015 11:18:48 AM : Problem taking screen shot for deviceID 1b217014 so  take it again, the name is Report\6-16-1b217014\ScreenShots\1b217014_currentScreen-2015-06-16_11-18-48-AM.png
6/16/2015 11:18:48 AM : Taking screen shot...
6/16/2015 11:18:48 AM : System.Diagnostics.ProcessStartInfo
6/16/2015 11:18:48 AM : 1b217014_currentScreen-2015-06-16_11-18-41-AM.png
6/16/2015 11:18:49 AM : Problem taking screen shot for deviceID 1b217014 so  take it again, the name is Report\6-16-1b217014\ScreenShots\1b217014_currentScreen-2015-06-16_11-18-48-AM.png
6/16/2015 11:18:49 AM : Taking screen shot...
6/16/2015 11:18:49 AM : System.Diagnostics.ProcessStartInfo
6/16/2015 11:18:51 AM : 1b217014_currentScreen-2015-06-16_11-18-46-AM.png
6/16/2015 11:18:52 AM : Problem taking screen shot for deviceID 1b217014 so  take it again, the name is Report\6-16-1b217014\ScreenShots\1b217014_currentScreen-2015-06-16_11-18-49-AM.png
6/16/2015 11:18:52 AM : Taking screen shot...
6/16/2015 11:18:52 AM : System.Diagnostics.ProcessStartInfo
6/16/2015 11:18:56 AM : 1b217014_currentScreen-2015-06-16_11-18-49-AM.png
6/16/2015 11:18:57 AM : Problem taking screen shot for deviceID 1b217014 so  take it again, the name is Report\6-16-1b217014\ScreenShots\1b217014_currentScreen-2015-06-16_11-18-52-AM.png
6/16/2015 11:18:57 AM : Taking screen shot...
6/16/2015 11:18:57 AM : System.Diagnostics.ProcessStartInfo
6/16/2015 11:18:59 AM : Problem taking screen shot for deviceID 1b217014 so  take it again, the name is Report\6-16-1b217014\ScreenShots\1b217014_currentScreen-2015-06-16_11-18-57-AM.png
6/16/2015 11:18:59 AM : Taking screen shot...
6/16/2015 11:18:59 AM : System.Diagnostics.ProcessStartInfo
6/16/2015 11:18:59 AM : Problem taking screen shot for deviceID 1b217014 so  take it again, the name is Report\6-16-1b217014\ScreenShots\1b217014_currentScreen-2015-06-16_11-18-59-AM.png
6/16/2015 11:18:59 AM : Taking screen shot...
6/16/2015 11:18:59 AM : System.Diagnostics.ProcessStartInfo
6/16/2015 11:18:59 AM : Taking screen shot...
6/16/2015 11:18:59 AM : System.Diagnostics.ProcessStartInfo
6/16/2015 11:18:59 AM : 1b217014_currentScreen-2015-06-16_11-18-52-AM.png
6/16/2015 11:18:59 AM : Problem taking screen shot for deviceID 1b217014 so  take it again, the name is Report\6-16-1b217014\ScreenShots\1b217014_currentScreen-2015-06-16_11-18-59-AM.png
6/16/2015 11:18:59 AM : Taking screen shot...
6/16/2015 11:18:59 AM : System.Diagnostics.ProcessStartInfo
6/16/2015 11:19:02 AM : 1b217014_currentScreen-2015-06-16_11-18-57-AM.png
6/16/2015 11:19:02 AM : Problem taking screen shot for deviceID 1b217014 so  take it again, the name is Report\6-16-1b217014\ScreenShots\1b217014_currentScreen-2015-06-16_11-18-59-AM.png
6/16/2015 11:19:02 AM : Taking screen shot...
6/16/2015 11:19:02 AM : System.Diagnostics.ProcessStartInfo
6/16/2015 11:19:06 AM : 1b217014_currentScreen-2015-06-16_11-18-59-AM.png
6/16/2015 11:19:07 AM : Problem taking screen shot for deviceID 1b217014 so  take it again, the name is Report\6-16-1b217014\ScreenShots\1b217014_currentScreen-2015-06-16_11-19-02-AM.png
6/16/2015 11:19:07 AM : Taking screen shot...
6/16/2015 11:19:07 AM : System.Diagnostics.ProcessStartInfo
6/16/2015 11:19:09 AM : Problem taking screen shot for deviceID 1b217014 so  take it again, the name is Report\6-16-1b217014\ScreenShots\1b217014_currentScreen-2015-06-16_11-19-07-AM.png
6/16/2015 11:19:09 AM : Taking screen shot...
6/16/2015 11:19:09 AM : Problem taking screen shot for deviceID 1b217014 so  take it again, the name is Report\6-16-1b217014\ScreenShots\1b217014_currentScreen-2015-06-16_11-19-09-AM.png
6/16/2015 11:19:09 AM : Taking screen shot...
6/16/2015 11:19:09 AM : System.Diagnostics.ProcessStartInfo
6/16/2015 11:19:09 AM : Taking screen shot...
6/16/2015 11:19:09 AM : System.Diagnostics.ProcessStartInfo
6/16/2015 11:19:09 AM : 1b217014_currentScreen-2015-06-16_11-19-02-AM.png
6/16/2015 11:19:09 AM : System.Diagnostics.ProcessStartInfo
6/16/2015 11:19:10 AM : Problem taking screen shot for deviceID 1b217014 so  take it again, the name is Report\6-16-1b217014\ScreenShots\1b217014_currentScreen-2015-06-16_11-19-09-AM.png
6/16/2015 11:19:10 AM : Taking screen shot...
6/16/2015 11:19:10 AM : ************************End TestCase 0.1************************
6/16/2015 11:19:12 AM : 1b217014_currentScreen-2015-06-16_11-19-07-AM.png
6/16/2015 11:19:13 AM : Problem taking screen shot for deviceID 1b217014 so  take it again, the name is Report\6-16-1b217014\ScreenShots\1b217014_currentScreen-2015-06-16_11-19-10-AM.png
6/16/2015 11:19:13 AM : Taking screen shot...
6/16/2015 11:19:13 AM : System.Diagnostics.ProcessStartInfo
6/16/2015 11:19:17 AM : 1b217014_currentScreen-2015-06-16_11-19-10-AM.png
6/16/2015 11:19:20 AM : Problem taking screen shot for deviceID 1b217014 so  take it again, the name is Report\6-16-1b217014\ScreenShots\1b217014_currentScreen-2015-06-16_11-19-13-AM.png
6/16/2015 11:19:20 AM : Taking screen shot...
6/16/2015 11:19:20 AM : System.Diagnostics.ProcessStartInfo
6/16/2015 11:19:20 AM : Problem taking screen shot for deviceID 1b217014 so  take it again, the name is Report\6-16-1b217014\ScreenShots\1b217014_currentScreen-2015-06-16_11-19-20-AM.png
6/16/2015 11:19:20 AM : Taking screen shot...
6/16/2015 11:19:20 AM : System.Diagnostics.ProcessStartInfo
6/16/2015 11:19:20 AM : Problem taking screen shot for deviceID 1b217014 so  take it again, the name is Report\6-16-1b217014\ScreenShots\1b217014_currentScreen-2015-06-16_11-19-20-AM.png
6/16/2015 11:19:20 AM : Taking screen shot...
6/16/2015 11:19:20 AM : System.Diagnostics.ProcessStartInfo
6/16/2015 11:19:20 AM : 1b217014_currentScreen-2015-06-16_11-19-13-AM.png
6/16/2015 11:19:20 AM : Problem taking screen shot for deviceID 1b217014 so  take it again, the name is Report\6-16-1b217014\ScreenShots\1b217014_currentScreen-2015-06-16_11-19-20-AM.png
6/16/2015 11:19:20 AM : Taking screen shot...
6/16/2015 11:19:20 AM : System.Diagnostics.ProcessStartInfo
6/16/2015 11:19:25 AM : 1b217014_currentScreen-2015-06-16_11-19-20-AM.png
6/16/2015 11:19:29 AM : System.Diagnostics.ProcessStartInfo
6/16/2015 11:19:30 AM : System.Diagnostics.ProcessStartInfo
6/16/2015 11:19:30 AM : System.Diagnostics.ProcessStartInfo
6/16/2015 11:19:30 AM : System.Diagnostics.ProcessStartInfo
6/16/2015 11:19:37 AM : System.Diagnostics.ProcessStartInfo
6/16/2015 11:19:45 AM : System.Diagnostics.ProcessStartInfo
6/16/2015 11:19:47 AM : System.Diagnostics.ProcessStartInfo
6/16/2015 11:19:47 AM : System.Diagnostics.ProcessStartInfo
6/16/2015 11:19:47 AM : System.Diagnostics.ProcessStartInfo
6/16/2015 11:19:53 AM : System.Diagnostics.ProcessStartInfo
6/16/2015 11:20:00 AM : System.Diagnostics.ProcessStartInfo
6/16/2015 11:20:02 AM : System.Diagnostics.ProcessStartInfo
6/16/2015 11:20:02 AM : System.Diagnostics.ProcessStartInfo
6/16/2015 11:20:02 AM : System.Diagnostics.ProcessStartInfo
6/16/2015 11:20:05 AM : 1b217014_currentScreen-2015-06-16_11-19-20-AM.png
6/16/2015 11:20:09 AM : System.Diagnostics.ProcessStartInfo
6/16/2015 11:20:11 AM : System.Diagnostics.ProcessStartInfo
6/16/2015 11:20:11 AM : System.Diagnostics.ProcessStartInfo
6/16/2015 11:20:11 AM : System.Diagnostics.ProcessStartInfo
6/16/2015 11:20:17 AM : System.Diagnostics.ProcessStartInfo
6/16/2015 11:20:25 AM : System.Diagnostics.ProcessStartInfo
6/16/2015 11:20:27 AM : System.Diagnostics.ProcessStartInfo
6/16/2015 11:20:27 AM : System.Diagnostics.ProcessStartInfo
6/16/2015 11:20:27 AM : System.Diagnostics.ProcessStartInfo
6/16/2015 11:20:28 AM : ************************End TestCase 0.1************************
6/16/2015 2:53:46 PM : ******************Start TestCase 0.1******************
6/16/2015 2:53:46 PM : Delete Logs and restart device
6/16/2015 2:53:46 PM : Delete sdcard/log file  -s 1b217014 shell rm -r /sdcard/log
6/16/2015 2:53:46 PM : System.Diagnostics.ProcessStartInfo
6/16/2015 2:53:56 PM : Going Back to Home screen.
6/16/2015 2:53:56 PM : System.Diagnostics.ProcessStartInfo
6/16/2015 2:54:01 PM : 1b217014_currentScreen-2015-06-16_02-53-56-PM.png
6/16/2015 2:54:02 PM : Going Back to Home screen.
6/16/2015 2:54:02 PM : System.Diagnostics.ProcessStartInfo
6/16/2015 2:54:07 PM : 1b217014_currentScreen-2015-06-16_02-54-02-PM.png
6/16/2015 2:54:08 PM : Clicking by template DialerIconStart.png
6/16/2015 2:54:08 PM : Verfiying template DialerIconStart.png
6/16/2015 2:54:08 PM : Accuracy is D=0.999764204025269
6/16/2015 2:54:08 PM : Template DialerIconStart.png is Verified. 
6/16/2015 2:54:08 PM : Touching on  X=47, Y=860
6/16/2015 2:54:08 PM : System.Diagnostics.ProcessStartInfo
6/16/2015 2:54:14 PM : 1b217014_currentScreen-2015-06-16_02-54-08-PM.png
6/16/2015 2:54:15 PM : typing #932#
6/16/2015 2:54:15 PM : System.Diagnostics.ProcessStartInfo
6/16/2015 2:54:22 PM : 1b217014_currentScreen-2015-06-16_02-54-15-PM.png
6/16/2015 2:54:22 PM : Clicking by template DialerIconCall.png
6/16/2015 2:54:22 PM : Verfiying template DialerIconCall.png
6/16/2015 2:54:22 PM : Accuracy is D=1
6/16/2015 2:54:22 PM : Template DialerIconCall.png is Verified. 
6/16/2015 2:54:22 PM : Touching on  X=268, Y=910
6/16/2015 2:54:22 PM : System.Diagnostics.ProcessStartInfo
6/16/2015 2:54:29 PM : 1b217014_currentScreen-2015-06-16_02-54-22-PM.png
6/16/2015 2:54:29 PM : Wait 10 seconds to get the datausage message
6/16/2015 2:54:39 PM : Taking screen shot...
6/16/2015 2:54:39 PM : System.Diagnostics.ProcessStartInfo
6/16/2015 2:54:45 PM : 1b217014_currentScreen-2015-06-16_02-54-39-PM.png
6/16/2015 2:54:48 PM : Clicking by template WEB_OK.png
6/16/2015 2:54:48 PM : Verfiying template WEB_OK.png
6/16/2015 2:54:48 PM : Accuracy is D=0.999911069869995
6/16/2015 2:54:48 PM : Template WEB_OK.png is Verified. 
6/16/2015 2:54:48 PM : Touching on  X=270, Y=590
6/16/2015 2:54:48 PM : System.Diagnostics.ProcessStartInfo
6/16/2015 2:54:55 PM : 1b217014_currentScreen-2015-06-16_02-54-48-PM.png
6/16/2015 2:54:55 PM : Start TCPDump
6/16/2015 2:54:55 PM : Clicking by template DialerIconStart.png
6/16/2015 2:54:55 PM : Verfiying template DialerIconStart.png
6/16/2015 2:54:55 PM : Accuracy is D=0.701930820941925
6/16/2015 2:54:55 PM : Template DialerIconStart.png is not Verified!
6/16/2015 2:54:55 PM : typing *#9900#
6/16/2015 2:54:55 PM : System.Diagnostics.ProcessStartInfo
6/16/2015 2:55:03 PM : 1b217014_currentScreen-2015-06-16_02-54-55-PM.png
6/16/2015 2:55:03 PM : Taking screen shot...
6/16/2015 2:55:03 PM : System.Diagnostics.ProcessStartInfo
6/16/2015 2:55:09 PM : 1b217014_currentScreen-2015-06-16_02-55-03-PM.png
6/16/2015 2:55:09 PM : Scrolling two page down..
6/16/2015 2:55:09 PM : System.Diagnostics.ProcessStartInfo
6/16/2015 2:55:16 PM : 1b217014_currentScreen-2015-06-16_02-55-09-PM.png
6/16/2015 2:55:16 PM : Taking screen shot...
6/16/2015 2:55:16 PM : System.Diagnostics.ProcessStartInfo
6/16/2015 2:55:22 PM : 1b217014_currentScreen-2015-06-16_02-55-16-PM.png
6/16/2015 2:55:22 PM : Clicking by template TCPDUMPSTART.png
6/16/2015 2:55:22 PM : Verfiying template TCPDUMPSTART.png
6/16/2015 2:55:22 PM : Accuracy is D=0.999999284744263
6/16/2015 2:55:22 PM : Template TCPDUMPSTART.png is Verified. 
6/16/2015 2:55:22 PM : Touching on  X=269, Y=418
6/16/2015 2:55:22 PM : System.Diagnostics.ProcessStartInfo
6/16/2015 2:55:29 PM : 1b217014_currentScreen-2015-06-16_02-55-22-PM.png
6/16/2015 2:55:29 PM : Clicking by template TCPDUMPSTART_ANY.png
6/16/2015 2:55:29 PM : Verfiying template TCPDUMPSTART_ANY.png
6/16/2015 2:55:29 PM : Accuracy is D=0.999997854232788
6/16/2015 2:55:29 PM : Template TCPDUMPSTART_ANY.png is Verified. 
6/16/2015 2:55:29 PM : Touching on  X=267, Y=83
6/16/2015 2:55:29 PM : System.Diagnostics.ProcessStartInfo
6/16/2015 2:55:36 PM : 1b217014_currentScreen-2015-06-16_02-55-29-PM.png
6/16/2015 2:55:36 PM : Clicking by template TCPDUMPSTART_OK.png
6/16/2015 2:55:36 PM : Verfiying template TCPDUMPSTART_OK.png
6/16/2015 2:55:36 PM : Accuracy is D=1
6/16/2015 2:55:36 PM : Template TCPDUMPSTART_OK.png is Verified. 
6/16/2015 2:55:36 PM : Touching on  X=393, Y=912
6/16/2015 2:55:36 PM : System.Diagnostics.ProcessStartInfo
6/16/2015 2:55:43 PM : 1b217014_currentScreen-2015-06-16_02-55-36-PM.png
6/16/2015 2:55:43 PM : Going Back to Home screen.
6/16/2015 2:55:43 PM : System.Diagnostics.ProcessStartInfo
6/16/2015 2:55:50 PM : 1b217014_currentScreen-2015-06-16_02-55-43-PM.png
6/16/2015 2:55:50 PM : Going Back to Home screen.
6/16/2015 2:55:50 PM : System.Diagnostics.ProcessStartInfo
6/16/2015 2:55:56 PM : 1b217014_currentScreen-2015-06-16_02-55-50-PM.png
6/16/2015 2:55:56 PM : Play band Hop
6/16/2015 2:55:56 PM : Start Pandora
6/16/2015 2:55:56 PM : Clicking by template PandoraStartIcon.png
6/16/2015 2:55:56 PM : Verfiying template PandoraStartIcon.png
6/16/2015 2:55:56 PM : System.Diagnostics.ProcessStartInfo
6/16/2015 2:55:57 PM : ************************End TestCase 0.1************************
