7/7/2015 1:32:16 PM : ******************Start TestCase 0.1******************
7/7/2015 1:32:16 PM : System.Diagnostics.ProcessStartInfo
7/7/2015 1:32:17 PM : ************************End TestCase 0.1************************
7/7/2015 1:32:22 PM : White list path D:\GDrive\Google Drive\T-Mobile\Barracuda Automation\BarracudaGUI\bin\Debug\whitelist.txt
7/7/2015 1:32:22 PM : Whitelist analysis argument D:\GDrive\Google Drive\T-Mobile\Barracuda Automation\BarracudaGUI\bin\Debug\whitelist.txt
7/7/2015 1:32:23 PM : Index was outside the bounds of the array.
7/7/2015 1:32:23 PM : Index was outside the bounds of the array.
7/7/2015 1:32:23 PM : Index was outside the bounds of the array.
7/7/2015 1:32:23 PM : Index was outside the bounds of the array.
7/7/2015 1:32:23 PM : Index was outside the bounds of the array.
7/7/2015 1:32:23 PM : Index was outside the bounds of the array.
7/7/2015 1:32:23 PM : Index was outside the bounds of the array.
7/7/2015 1:32:23 PM : Index was outside the bounds of the array.
7/7/2015 1:32:23 PM : Index was outside the bounds of the array.
7/7/2015 1:32:24 PM : Index was outside the bounds of the array.
7/7/2015 1:32:24 PM : Index was outside the bounds of the array.
7/7/2015 1:32:24 PM : Index was outside the bounds of the array.
7/7/2015 1:32:24 PM : Index was outside the bounds of the array.
7/7/2015 1:32:24 PM : Index was outside the bounds of the array.
7/7/2015 1:32:24 PM : Index was outside the bounds of the array.
7/7/2015 1:32:24 PM : Index was outside the bounds of the array.
7/7/2015 1:32:24 PM : Index was outside the bounds of the array.
7/7/2015 1:32:24 PM : Index was outside the bounds of the array.
7/7/2015 1:32:24 PM : Index was outside the bounds of the array.
7/7/2015 1:32:24 PM : Index was outside the bounds of the array.
7/7/2015 1:32:24 PM : Index was outside the bounds of the array.
7/7/2015 1:32:24 PM : Index was outside the bounds of the array.
7/7/2015 1:32:24 PM : Index was outside the bounds of the array.
7/7/2015 1:32:24 PM : Index was outside the bounds of the array.
7/7/2015 1:32:24 PM : Index was outside the bounds of the array.
7/7/2015 1:32:24 PM : Index was outside the bounds of the array.
7/7/2015 1:32:24 PM : Index was outside the bounds of the array.
7/7/2015 1:32:24 PM : Index was outside the bounds of the array.
7/7/2015 1:32:24 PM : Index was outside the bounds of the array.
7/7/2015 1:32:24 PM : Index was outside the bounds of the array.
7/7/2015 1:32:24 PM : Index was outside the bounds of the array.
7/7/2015 1:32:24 PM : Index was outside the bounds of the array.
7/7/2015 1:32:24 PM : Index was outside the bounds of the array.
7/7/2015 1:32:24 PM : Index was outside the bounds of the array.
7/7/2015 1:32:24 PM : Index was outside the bounds of the array.
7/7/2015 1:32:24 PM : Index was outside the bounds of the array.
7/7/2015 1:32:24 PM : Index was outside the bounds of the array.
7/7/2015 1:32:24 PM : Index was outside the bounds of the array.
7/7/2015 1:32:24 PM : Index was outside the bounds of the array.
7/7/2015 1:32:24 PM : Index was outside the bounds of the array.
7/7/2015 1:32:24 PM : Index was outside the bounds of the array.
7/7/2015 1:32:24 PM : Index was outside the bounds of the array.
7/7/2015 1:32:24 PM : Index was outside the bounds of the array.
7/7/2015 1:32:24 PM : Index was outside the bounds of the array.
7/7/2015 1:32:24 PM : Index was outside the bounds of the array.
7/7/2015 1:32:24 PM : Index was outside the bounds of the array.
7/7/2015 1:32:24 PM : Index was outside the bounds of the array.
7/7/2015 1:32:24 PM : Index was outside the bounds of the array.
7/7/2015 1:32:24 PM : Index was outside the bounds of the array.
7/7/2015 1:32:24 PM : Index was outside the bounds of the array.
7/7/2015 1:32:24 PM : Index was outside the bounds of the array.
7/7/2015 1:32:24 PM : Index was outside the bounds of the array.
7/7/2015 1:32:24 PM : Index was outside the bounds of the array.
7/7/2015 1:32:24 PM : Index was outside the bounds of the array.
7/7/2015 1:32:24 PM : Index was outside the bounds of the array.
7/7/2015 1:32:24 PM : Index was outside the bounds of the array.
7/7/2015 1:32:24 PM : Index was outside the bounds of the array.
7/7/2015 1:32:24 PM : Index was outside the bounds of the array.
7/7/2015 1:32:24 PM : Index was outside the bounds of the array.
7/7/2015 1:32:24 PM : Index was outside the bounds of the array.
7/7/2015 1:32:24 PM : Index was outside the bounds of the array.
7/7/2015 1:32:24 PM : Index was outside the bounds of the array.
7/7/2015 1:32:24 PM : Index was outside the bounds of the array.
7/7/2015 1:32:24 PM : Index was outside the bounds of the array.
7/7/2015 1:32:24 PM : Index was outside the bounds of the array.
7/7/2015 1:32:24 PM : Index was outside the bounds of the array.
7/7/2015 1:32:24 PM : Index was outside the bounds of the array.
7/7/2015 1:32:24 PM : Index was outside the bounds of the array.
7/7/2015 1:32:24 PM : Index was outside the bounds of the array.
7/7/2015 1:32:24 PM : Index was outside the bounds of the array.
7/7/2015 1:32:24 PM : Index was outside the bounds of the array.
7/7/2015 1:32:24 PM : Index was outside the bounds of the array.
7/7/2015 1:32:24 PM : Index was outside the bounds of the array.
7/7/2015 1:32:24 PM : Index was outside the bounds of the array.
7/7/2015 1:32:24 PM : Index was outside the bounds of the array.
7/7/2015 1:32:24 PM : Index was outside the bounds of the array.
7/7/2015 1:32:24 PM : Index was outside the bounds of the array.
7/7/2015 1:32:25 PM : Index was outside the bounds of the array.
7/7/2015 1:32:25 PM : Index was outside the bounds of the array.
7/7/2015 1:32:25 PM : Index was outside the bounds of the array.
7/7/2015 1:32:25 PM : Index was outside the bounds of the array.
7/7/2015 1:32:25 PM : Index was outside the bounds of the array.
7/7/2015 1:32:25 PM : Index was outside the bounds of the array.
7/7/2015 1:32:25 PM : Index was outside the bounds of the array.
7/7/2015 1:32:25 PM : Index was outside the bounds of the array.
7/7/2015 1:32:25 PM : Index was outside the bounds of the array.
7/7/2015 1:32:37 PM : ******************Start TestCase 0.1******************
7/7/2015 1:32:37 PM : System.Diagnostics.ProcessStartInfo
7/7/2015 1:32:38 PM : ************************End TestCase 0.1************************
7/7/2015 1:36:43 PM : ******************Start TestCase 0.1******************
7/7/2015 1:36:43 PM : System.Diagnostics.ProcessStartInfo
7/7/2015 1:36:43 PM : ************************End TestCase 0.1************************
7/7/2015 1:40:18 PM : ******************Start TestCase 0.1******************
7/7/2015 1:40:30 PM : Going Back to Home screen.
7/7/2015 1:40:30 PM : System.Diagnostics.ProcessStartInfo
7/7/2015 1:40:36 PM : d41c9385_currentScreen-2015-07-07_01-40-30-PM.png
7/7/2015 1:40:41 PM : Play band Ambient
7/7/2015 1:40:41 PM : Start music service
7/7/2015 1:40:42 PM : Clicking by template StartIcon.png
7/7/2015 1:40:42 PM : Verfiying template StartIcon.png
7/7/2015 1:40:43 PM : Accuracy is D=0.999999523162842
7/7/2015 1:40:43 PM : Template StartIcon.png is Verified. 
7/7/2015 1:40:43 PM : Touching on  X=335, Y=98
7/7/2015 1:40:43 PM : System.Diagnostics.ProcessStartInfo
7/7/2015 1:40:49 PM : d41c9385_currentScreen-2015-07-07_01-40-43-PM.png
7/7/2015 1:40:51 PM : Clicking by template MenuLines.png
7/7/2015 1:40:51 PM : Verfiying template MenuLines.png
7/7/2015 1:40:51 PM : Accuracy is D=0.999408721923828
7/7/2015 1:40:51 PM : Template MenuLines.png is Verified. 
7/7/2015 1:40:51 PM : Touching on  X=43, Y=73
7/7/2015 1:40:51 PM : System.Diagnostics.ProcessStartInfo
7/7/2015 1:40:58 PM : d41c9385_currentScreen-2015-07-07_01-40-51-PM.png
7/7/2015 1:41:02 PM : Clicking by template SearchMusic.png
7/7/2015 1:41:03 PM : Verfiying template SearchMusic.png
7/7/2015 1:41:03 PM : Accuracy is D=0.999999940395355
7/7/2015 1:41:03 PM : Template SearchMusic.png is Verified. 
7/7/2015 1:41:03 PM : Touching on  X=123, Y=151
7/7/2015 1:41:03 PM : System.Diagnostics.ProcessStartInfo
7/7/2015 1:41:09 PM : d41c9385_currentScreen-2015-07-07_01-41-03-PM.png
7/7/2015 1:41:10 PM : typing Ambient
7/7/2015 1:41:10 PM : System.Diagnostics.ProcessStartInfo
7/7/2015 1:41:18 PM : d41c9385_currentScreen-2015-07-07_01-41-10-PM.png
7/7/2015 1:41:18 PM : Taking screen shot...
7/7/2015 1:41:19 PM : System.Diagnostics.ProcessStartInfo
7/7/2015 1:41:24 PM : d41c9385_currentScreen-2015-07-07_01-41-19-PM.png
7/7/2015 1:41:25 PM : Clicking by template Ambient
7/7/2015 1:41:25 PM : Verfiying template Ambient
7/7/2015 1:41:26 PM : Template Ambient is Verified. 
7/7/2015 1:41:26 PM : Touching on  X=182, Y=230
7/7/2015 1:41:26 PM : System.Diagnostics.ProcessStartInfo
7/7/2015 1:41:33 PM : d41c9385_currentScreen-2015-07-07_01-41-26-PM.png
7/7/2015 1:41:33 PM : Waitting 35 for Ambient to play and skip and ads
7/7/2015 1:42:09 PM : Taking screen shot...
7/7/2015 1:42:09 PM : System.Diagnostics.ProcessStartInfo
7/7/2015 1:42:14 PM : d41c9385_currentScreen-2015-07-07_01-42-09-PM.png
7/7/2015 1:42:15 PM : verifying template SufflePlay  SufflePlay.png
7/7/2015 1:42:15 PM : Object reference not set to an instance of an object.
7/7/2015 1:42:15 PM : Verfiying template SufflePlay.png
7/7/2015 1:42:16 PM : Accuracy is D=0.999999225139618
7/7/2015 1:42:16 PM : Template SufflePlay.png is Verified. 
7/7/2015 1:42:16 PM : Clicking by template SufflePlay.png
7/7/2015 1:42:16 PM : Verfiying template SufflePlay.png
7/7/2015 1:42:16 PM : Accuracy is D=0.999999225139618
7/7/2015 1:42:16 PM : Template SufflePlay.png is Verified. 
7/7/2015 1:42:16 PM : Touching on  X=276, Y=583
7/7/2015 1:42:16 PM : System.Diagnostics.ProcessStartInfo
7/7/2015 1:42:22 PM : d41c9385_currentScreen-2015-07-07_01-42-16-PM.png
7/7/2015 1:42:23 PM : Checking if music service Playing
7/7/2015 1:42:23 PM : Taking screen shot...
7/7/2015 1:42:23 PM : System.Diagnostics.ProcessStartInfo
7/7/2015 1:42:29 PM : d41c9385_currentScreen-2015-07-07_01-42-23-PM.png
7/7/2015 1:42:29 PM : verifying template Pause  Pause.png
7/7/2015 1:42:30 PM : Object reference not set to an instance of an object.
7/7/2015 1:42:30 PM : Verfiying template Pause.png
7/7/2015 1:42:30 PM : Accuracy is D=0.35672715306282
7/7/2015 1:42:30 PM : Template Pause.png is not Verified!
7/7/2015 1:42:30 PM : Music is not detected
7/7/2015 1:42:30 PM : Going Back to Home screen.
7/7/2015 1:42:30 PM : System.Diagnostics.ProcessStartInfo
7/7/2015 1:42:36 PM : d41c9385_currentScreen-2015-07-07_01-42-30-PM.png
7/7/2015 1:42:36 PM : Will play another band
7/7/2015 1:42:36 PM : Going Back to Home screen.
7/7/2015 1:42:36 PM : System.Diagnostics.ProcessStartInfo
7/7/2015 1:43:42 PM : ******************Start TestCase 0.1******************
7/7/2015 1:43:42 PM : Going Back to Home screen.
7/7/2015 1:43:42 PM : System.Diagnostics.ProcessStartInfo
7/7/2015 1:43:48 PM : d41c9385_currentScreen-2015-07-07_01-43-42-PM.png
7/7/2015 1:43:48 PM : Play band Ambient
7/7/2015 1:43:49 PM : Start music service
7/7/2015 1:43:49 PM : Clicking by template StartIcon.png
7/7/2015 1:43:49 PM : Verfiying template StartIcon.png
7/7/2015 1:43:49 PM : Accuracy is D=0.999999523162842
7/7/2015 1:43:49 PM : Template StartIcon.png is Verified. 
7/7/2015 1:43:49 PM : Touching on  X=335, Y=98
7/7/2015 1:43:49 PM : System.Diagnostics.ProcessStartInfo
7/7/2015 1:43:55 PM : d41c9385_currentScreen-2015-07-07_01-43-49-PM.png
7/7/2015 1:43:56 PM : Clicking by template MenuLines.png
7/7/2015 1:43:56 PM : Verfiying template MenuLines.png
7/7/2015 1:43:56 PM : Accuracy is D=0.999485969543457
7/7/2015 1:43:56 PM : Template MenuLines.png is Verified. 
7/7/2015 1:43:56 PM : Touching on  X=43, Y=73
7/7/2015 1:43:56 PM : System.Diagnostics.ProcessStartInfo
7/7/2015 1:44:03 PM : d41c9385_currentScreen-2015-07-07_01-43-56-PM.png
7/7/2015 1:44:04 PM : Clicking by template SearchMusic.png
7/7/2015 1:44:04 PM : Verfiying template SearchMusic.png
7/7/2015 1:44:04 PM : Accuracy is D=0.999999761581421
7/7/2015 1:44:04 PM : Template SearchMusic.png is Verified. 
7/7/2015 1:44:04 PM : Touching on  X=123, Y=151
7/7/2015 1:44:04 PM : System.Diagnostics.ProcessStartInfo
7/7/2015 1:44:11 PM : d41c9385_currentScreen-2015-07-07_01-44-04-PM.png
7/7/2015 1:44:11 PM : typing Ambient
7/7/2015 1:44:12 PM : System.Diagnostics.ProcessStartInfo
7/7/2015 1:44:19 PM : d41c9385_currentScreen-2015-07-07_01-44-12-PM.png
7/7/2015 1:44:20 PM : Taking screen shot...
7/7/2015 1:44:20 PM : System.Diagnostics.ProcessStartInfo
7/7/2015 1:44:26 PM : d41c9385_currentScreen-2015-07-07_01-44-20-PM.png
7/7/2015 1:44:26 PM : Clicking by template Ambient
7/7/2015 1:44:27 PM : Verfiying template Ambient
7/7/2015 1:44:27 PM : Template Ambient is Verified. 
7/7/2015 1:44:27 PM : Touching on  X=182, Y=231
7/7/2015 1:44:27 PM : System.Diagnostics.ProcessStartInfo
7/7/2015 1:44:34 PM : d41c9385_currentScreen-2015-07-07_01-44-27-PM.png
7/7/2015 1:44:34 PM : verifying template SufflePlay  SufflePlay.png
7/7/2015 1:44:35 PM : Object reference not set to an instance of an object.
7/7/2015 1:44:35 PM : Verfiying template SufflePlay.png
7/7/2015 1:44:35 PM : Accuracy is D=0.999999225139618
7/7/2015 1:44:35 PM : Template SufflePlay.png is Verified. 
7/7/2015 1:44:35 PM : Clicking by template SufflePlay.png
7/7/2015 1:44:35 PM : Verfiying template SufflePlay.png
7/7/2015 1:44:35 PM : Accuracy is D=0.999999225139618
7/7/2015 1:44:35 PM : Template SufflePlay.png is Verified. 
7/7/2015 1:44:35 PM : Touching on  X=276, Y=583
7/7/2015 1:44:35 PM : System.Diagnostics.ProcessStartInfo
7/7/2015 1:44:41 PM : d41c9385_currentScreen-2015-07-07_01-44-35-PM.png
7/7/2015 1:44:42 PM : Waitting 35 for Ambient to play and skip and ads
7/7/2015 1:45:17 PM : Taking screen shot...
7/7/2015 1:45:17 PM : System.Diagnostics.ProcessStartInfo
7/7/2015 1:45:23 PM : d41c9385_currentScreen-2015-07-07_01-45-17-PM.png
7/7/2015 1:45:23 PM : Checking if music service Playing
7/7/2015 1:45:24 PM : Taking screen shot...
7/7/2015 1:45:24 PM : System.Diagnostics.ProcessStartInfo
7/7/2015 1:45:29 PM : d41c9385_currentScreen-2015-07-07_01-45-24-PM.png
7/7/2015 1:45:30 PM : verifying template Pause  Pause.png
7/7/2015 1:45:30 PM : Object reference not set to an instance of an object.
7/7/2015 1:45:30 PM : Verfiying template Pause.png
7/7/2015 1:45:31 PM : Accuracy is D=0.312652796506882
7/7/2015 1:45:31 PM : Template Pause.png is not Verified!
7/7/2015 1:45:31 PM : Music is not detected
7/7/2015 1:45:31 PM : Going Back to Home screen.
7/7/2015 1:45:31 PM : System.Diagnostics.ProcessStartInfo
7/7/2015 1:45:38 PM : d41c9385_currentScreen-2015-07-07_01-45-31-PM.png
7/7/2015 1:45:38 PM : Will play another band
7/7/2015 1:45:39 PM : Going Back to Home screen.
7/7/2015 1:45:39 PM : System.Diagnostics.ProcessStartInfo
7/7/2015 1:45:44 PM : d41c9385_currentScreen-2015-07-07_01-45-39-PM.png
7/7/2015 1:45:45 PM : Play band Cranberries
7/7/2015 1:45:45 PM : Start music service
7/7/2015 1:45:45 PM : Clicking by template StartIcon.png
7/7/2015 1:45:45 PM : Verfiying template StartIcon.png
7/7/2015 1:45:45 PM : Accuracy is D=0.999999821186066
7/7/2015 1:45:45 PM : Template StartIcon.png is Verified. 
7/7/2015 1:45:45 PM : Touching on  X=335, Y=98
7/7/2015 1:45:45 PM : System.Diagnostics.ProcessStartInfo
7/7/2015 1:45:52 PM : d41c9385_currentScreen-2015-07-07_01-45-45-PM.png
7/7/2015 1:45:52 PM : Clicking by template MenuLines.png
7/7/2015 1:45:53 PM : Verfiying template MenuLines.png
7/7/2015 1:45:53 PM : Accuracy is D=0.99999988079071
7/7/2015 1:45:53 PM : Template MenuLines.png is Verified. 
7/7/2015 1:45:53 PM : Touching on  X=43, Y=73
7/7/2015 1:45:53 PM : System.Diagnostics.ProcessStartInfo
7/7/2015 1:45:59 PM : d41c9385_currentScreen-2015-07-07_01-45-53-PM.png
7/7/2015 1:46:00 PM : Clicking by template SearchMusic.png
7/7/2015 1:46:00 PM : Verfiying template SearchMusic.png
7/7/2015 1:46:01 PM : Accuracy is D=0.999999940395355
7/7/2015 1:46:01 PM : Template SearchMusic.png is Verified. 
7/7/2015 1:46:01 PM : Touching on  X=123, Y=151
7/7/2015 1:46:01 PM : System.Diagnostics.ProcessStartInfo
7/7/2015 1:46:07 PM : d41c9385_currentScreen-2015-07-07_01-46-01-PM.png
7/7/2015 1:46:07 PM : typing Cranberries
7/7/2015 1:46:08 PM : System.Diagnostics.ProcessStartInfo
7/7/2015 1:46:17 PM : d41c9385_currentScreen-2015-07-07_01-46-08-PM.png
7/7/2015 1:46:17 PM : Taking screen shot...
7/7/2015 1:46:18 PM : System.Diagnostics.ProcessStartInfo
7/7/2015 1:46:23 PM : d41c9385_currentScreen-2015-07-07_01-46-18-PM.png
7/7/2015 1:46:24 PM : Clicking by template Cranberries
7/7/2015 1:46:24 PM : Verfiying template Cranberries
7/7/2015 1:46:25 PM : Template Cranberries is Verified. 
7/7/2015 1:46:25 PM : Touching on  X=226, Y=75
7/7/2015 1:46:25 PM : System.Diagnostics.ProcessStartInfo
7/7/2015 1:46:31 PM : d41c9385_currentScreen-2015-07-07_01-46-25-PM.png
7/7/2015 1:46:32 PM : verifying template SufflePlay  SufflePlay.png
7/7/2015 1:46:32 PM : Object reference not set to an instance of an object.
7/7/2015 1:46:32 PM : Verfiying template SufflePlay.png
7/7/2015 1:46:32 PM : Accuracy is D=0.32445028424263
7/7/2015 1:46:32 PM : Template SufflePlay.png is not Verified!
7/7/2015 1:46:32 PM : Waitting 35 for Cranberries to play and skip and ads
7/7/2015 1:47:07 PM : Taking screen shot...
7/7/2015 1:47:07 PM : System.Diagnostics.ProcessStartInfo
7/7/2015 1:47:13 PM : d41c9385_currentScreen-2015-07-07_01-47-07-PM.png
7/7/2015 1:47:13 PM : Checking if music service Playing
7/7/2015 1:47:14 PM : Taking screen shot...
7/7/2015 1:47:14 PM : System.Diagnostics.ProcessStartInfo
7/7/2015 1:47:19 PM : d41c9385_currentScreen-2015-07-07_01-47-14-PM.png
7/7/2015 1:47:20 PM : verifying template Pause  Pause.png
7/7/2015 1:47:20 PM : Object reference not set to an instance of an object.
7/7/2015 1:47:20 PM : Verfiying template Pause.png
7/7/2015 1:47:20 PM : Accuracy is D=0.330388486385345
7/7/2015 1:47:20 PM : Template Pause.png is not Verified!
7/7/2015 1:47:20 PM : Music is not detected
7/7/2015 1:47:20 PM : Going Back to Home screen.
7/7/2015 1:47:20 PM : System.Diagnostics.ProcessStartInfo
7/7/2015 1:47:27 PM : d41c9385_currentScreen-2015-07-07_01-47-20-PM.png
7/7/2015 1:47:27 PM : Will play another band
7/7/2015 1:47:28 PM : Going Back to Home screen.
7/7/2015 1:47:28 PM : System.Diagnostics.ProcessStartInfo
7/7/2015 1:47:33 PM : d41c9385_currentScreen-2015-07-07_01-47-28-PM.png
7/7/2015 1:47:34 PM : Play band No Doubt
7/7/2015 1:47:34 PM : Start music service
7/7/2015 1:47:34 PM : Clicking by template StartIcon.png
7/7/2015 1:47:34 PM : Verfiying template StartIcon.png
7/7/2015 1:47:34 PM : Accuracy is D=0.999999523162842
7/7/2015 1:47:34 PM : Template StartIcon.png is Verified. 
7/7/2015 1:47:34 PM : Touching on  X=335, Y=98
7/7/2015 1:47:34 PM : System.Diagnostics.ProcessStartInfo
7/7/2015 1:47:41 PM : d41c9385_currentScreen-2015-07-07_01-47-34-PM.png
7/7/2015 1:47:41 PM : Clicking by template MenuLines.png
7/7/2015 1:47:42 PM : Verfiying template MenuLines.png
7/7/2015 1:47:42 PM : Accuracy is D=0.99999988079071
7/7/2015 1:47:42 PM : Template MenuLines.png is Verified. 
7/7/2015 1:47:42 PM : Touching on  X=43, Y=73
7/7/2015 1:47:42 PM : System.Diagnostics.ProcessStartInfo
7/7/2015 1:47:48 PM : d41c9385_currentScreen-2015-07-07_01-47-42-PM.png
7/7/2015 1:47:49 PM : Clicking by template SearchMusic.png
7/7/2015 1:47:49 PM : Verfiying template SearchMusic.png
7/7/2015 1:47:49 PM : Accuracy is D=0.999999761581421
7/7/2015 1:47:49 PM : Template SearchMusic.png is Verified. 
7/7/2015 1:47:49 PM : Touching on  X=123, Y=151
7/7/2015 1:47:49 PM : System.Diagnostics.ProcessStartInfo
7/7/2015 1:47:56 PM : d41c9385_currentScreen-2015-07-07_01-47-49-PM.png
7/7/2015 1:47:56 PM : typing No Doubt
7/7/2015 1:47:57 PM : System.Diagnostics.ProcessStartInfo
7/7/2015 1:48:04 PM : d41c9385_currentScreen-2015-07-07_01-47-57-PM.png
7/7/2015 1:48:05 PM : Taking screen shot...
7/7/2015 1:48:06 PM : System.Diagnostics.ProcessStartInfo
7/7/2015 1:48:11 PM : d41c9385_currentScreen-2015-07-07_01-48-06-PM.png
7/7/2015 1:48:11 PM : Clicking by template No Doubt
7/7/2015 1:48:12 PM : Verfiying template No Doubt
7/7/2015 1:48:15 PM : Template No Doubt is not Verified!
7/7/2015 1:48:15 PM : verifying template SufflePlay  SufflePlay.png
7/7/2015 1:48:15 PM : Object reference not set to an instance of an object.
7/7/2015 1:48:15 PM : Verfiying template SufflePlay.png
7/7/2015 1:48:15 PM : Accuracy is D=0.32445028424263
7/7/2015 1:48:15 PM : Template SufflePlay.png is not Verified!
7/7/2015 1:48:15 PM : Waitting 35 for No Doubt to play and skip and ads
7/7/2015 1:48:51 PM : Taking screen shot...
7/7/2015 1:48:51 PM : System.Diagnostics.ProcessStartInfo
7/7/2015 1:48:56 PM : d41c9385_currentScreen-2015-07-07_01-48-51-PM.png
7/7/2015 1:48:56 PM : Checking if music service Playing
7/7/2015 1:48:57 PM : Taking screen shot...
7/7/2015 1:48:57 PM : System.Diagnostics.ProcessStartInfo
7/7/2015 1:49:03 PM : d41c9385_currentScreen-2015-07-07_01-48-57-PM.png
7/7/2015 1:49:03 PM : verifying template Pause  Pause.png
7/7/2015 1:49:04 PM : Object reference not set to an instance of an object.
7/7/2015 1:49:04 PM : Verfiying template Pause.png
7/7/2015 1:49:04 PM : Accuracy is D=0.316322952508926
7/7/2015 1:49:04 PM : Template Pause.png is not Verified!
7/7/2015 1:49:04 PM : Music is not detected
7/7/2015 1:49:04 PM : Going Back to Home screen.
7/7/2015 1:49:04 PM : System.Diagnostics.ProcessStartInfo
7/7/2015 1:49:10 PM : d41c9385_currentScreen-2015-07-07_01-49-04-PM.png
7/7/2015 1:49:11 PM : Will play another band
7/7/2015 1:49:11 PM : Going Back to Home screen.
7/7/2015 1:49:11 PM : System.Diagnostics.ProcessStartInfo
7/7/2015 1:49:17 PM : d41c9385_currentScreen-2015-07-07_01-49-11-PM.png
7/7/2015 1:49:17 PM : Play band Nirvana
7/7/2015 1:49:18 PM : Start music service
7/7/2015 1:49:18 PM : Clicking by template StartIcon.png
7/7/2015 1:49:18 PM : Verfiying template StartIcon.png
7/7/2015 1:49:18 PM : Accuracy is D=0.999999821186066
7/7/2015 1:49:18 PM : Template StartIcon.png is Verified. 
7/7/2015 1:49:18 PM : Touching on  X=335, Y=98
7/7/2015 1:49:18 PM : System.Diagnostics.ProcessStartInfo
7/7/2015 1:49:24 PM : d41c9385_currentScreen-2015-07-07_01-49-18-PM.png
7/7/2015 1:49:25 PM : Clicking by template MenuLines.png
7/7/2015 1:49:25 PM : Verfiying template MenuLines.png
7/7/2015 1:49:25 PM : Accuracy is D=0.99999988079071
7/7/2015 1:49:25 PM : Template MenuLines.png is Verified. 
7/7/2015 1:49:25 PM : Touching on  X=43, Y=73
7/7/2015 1:49:25 PM : System.Diagnostics.ProcessStartInfo
7/7/2015 1:49:32 PM : d41c9385_currentScreen-2015-07-07_01-49-25-PM.png
7/7/2015 1:49:32 PM : Clicking by template SearchMusic.png
7/7/2015 1:49:33 PM : Verfiying template SearchMusic.png
7/7/2015 1:49:33 PM : Accuracy is D=0.999999940395355
7/7/2015 1:49:33 PM : Template SearchMusic.png is Verified. 
7/7/2015 1:49:33 PM : Touching on  X=123, Y=151
7/7/2015 1:49:33 PM : System.Diagnostics.ProcessStartInfo
7/7/2015 1:49:39 PM : d41c9385_currentScreen-2015-07-07_01-49-33-PM.png
7/7/2015 1:49:40 PM : typing Nirvana
7/7/2015 1:49:40 PM : System.Diagnostics.ProcessStartInfo
7/7/2015 1:49:48 PM : d41c9385_currentScreen-2015-07-07_01-49-40-PM.png
7/7/2015 1:49:48 PM : Taking screen shot...
7/7/2015 1:49:49 PM : System.Diagnostics.ProcessStartInfo
7/7/2015 1:49:54 PM : d41c9385_currentScreen-2015-07-07_01-49-49-PM.png
7/7/2015 1:49:55 PM : Clicking by template Nirvana
7/7/2015 1:49:55 PM : Verfiying template Nirvana
7/7/2015 1:49:56 PM : Template Nirvana is Verified. 
7/7/2015 1:49:56 PM : Touching on  X=163, Y=430
7/7/2015 1:49:56 PM : System.Diagnostics.ProcessStartInfo
7/7/2015 1:50:02 PM : d41c9385_currentScreen-2015-07-07_01-49-56-PM.png
7/7/2015 1:50:03 PM : verifying template SufflePlay  SufflePlay.png
7/7/2015 1:50:03 PM : Object reference not set to an instance of an object.
7/7/2015 1:50:03 PM : Verfiying template SufflePlay.png
7/7/2015 1:50:03 PM : Accuracy is D=1
7/7/2015 1:50:03 PM : Template SufflePlay.png is Verified. 
7/7/2015 1:50:03 PM : Clicking by template SufflePlay.png
7/7/2015 1:50:03 PM : Verfiying template SufflePlay.png
7/7/2015 1:50:03 PM : Accuracy is D=1
7/7/2015 1:50:03 PM : Template SufflePlay.png is Verified. 
7/7/2015 1:50:03 PM : Touching on  X=276, Y=583
7/7/2015 1:50:03 PM : System.Diagnostics.ProcessStartInfo
7/7/2015 1:50:10 PM : d41c9385_currentScreen-2015-07-07_01-50-03-PM.png
7/7/2015 1:50:10 PM : Waitting 35 for Nirvana to play and skip and ads
7/7/2015 1:50:46 PM : Taking screen shot...
7/7/2015 1:50:46 PM : System.Diagnostics.ProcessStartInfo
7/7/2015 1:50:51 PM : d41c9385_currentScreen-2015-07-07_01-50-46-PM.png
7/7/2015 1:50:52 PM : Checking if music service Playing
7/7/2015 1:50:52 PM : Taking screen shot...
7/7/2015 1:50:52 PM : System.Diagnostics.ProcessStartInfo
7/7/2015 1:50:58 PM : d41c9385_currentScreen-2015-07-07_01-50-52-PM.png
7/7/2015 1:50:58 PM : verifying template Pause  Pause.png
7/7/2015 1:50:59 PM : Object reference not set to an instance of an object.
7/7/2015 1:50:59 PM : Verfiying template Pause.png
7/7/2015 1:50:59 PM : Accuracy is D=0.42263463139534
7/7/2015 1:50:59 PM : Template Pause.png is not Verified!
7/7/2015 1:50:59 PM : Music is not detected
7/7/2015 1:50:59 PM : Going Back to Home screen.
7/7/2015 1:50:59 PM : System.Diagnostics.ProcessStartInfo
7/7/2015 1:51:05 PM : d41c9385_currentScreen-2015-07-07_01-50-59-PM.png
7/7/2015 1:51:06 PM : Will play another band
7/7/2015 1:51:06 PM : Going Back to Home screen.
7/7/2015 1:51:06 PM : System.Diagnostics.ProcessStartInfo
7/7/2015 1:51:12 PM : d41c9385_currentScreen-2015-07-07_01-51-06-PM.png
7/7/2015 1:51:12 PM : Play band Ambient
7/7/2015 1:51:13 PM : Start music service
7/7/2015 1:51:13 PM : Clicking by template StartIcon.png
7/7/2015 1:51:13 PM : Verfiying template StartIcon.png
7/7/2015 1:51:13 PM : Accuracy is D=0.999999821186066
7/7/2015 1:51:13 PM : Template StartIcon.png is Verified. 
7/7/2015 1:51:13 PM : Touching on  X=335, Y=98
7/7/2015 1:51:13 PM : System.Diagnostics.ProcessStartInfo
7/7/2015 1:51:19 PM : d41c9385_currentScreen-2015-07-07_01-51-13-PM.png
7/7/2015 1:51:20 PM : Clicking by template MenuLines.png
7/7/2015 1:51:20 PM : Verfiying template MenuLines.png
7/7/2015 1:51:20 PM : Accuracy is D=0.99999988079071
7/7/2015 1:51:20 PM : Template MenuLines.png is Verified. 
7/7/2015 1:51:20 PM : Touching on  X=43, Y=73
7/7/2015 1:51:20 PM : System.Diagnostics.ProcessStartInfo
7/7/2015 1:51:26 PM : d41c9385_currentScreen-2015-07-07_01-51-20-PM.png
7/7/2015 1:51:27 PM : Clicking by template SearchMusic.png
7/7/2015 1:51:27 PM : Verfiying template SearchMusic.png
7/7/2015 1:51:27 PM : Accuracy is D=0.999999761581421
7/7/2015 1:51:27 PM : Template SearchMusic.png is Verified. 
7/7/2015 1:51:27 PM : Touching on  X=123, Y=151
7/7/2015 1:51:27 PM : System.Diagnostics.ProcessStartInfo
7/7/2015 1:51:34 PM : d41c9385_currentScreen-2015-07-07_01-51-27-PM.png
7/7/2015 1:51:34 PM : typing Ambient
7/7/2015 1:51:34 PM : System.Diagnostics.ProcessStartInfo
