4/17/2015 10:30:02 AM : ******************Start TestCase 0.1******************
4/17/2015 10:30:02 AM : Delete Logs and restart device
4/17/2015 10:30:02 AM : Delete sdcard/log file  -s d41c9385 shell rm -r /sdcard/log
4/17/2015 10:30:02 AM : System.Diagnostics.ProcessStartInfo
4/17/2015 10:30:12 AM : Going Back to Home screen.
4/17/2015 10:30:12 AM : System.Diagnostics.ProcessStartInfo
4/17/2015 10:30:20 AM : d41c9385_currentScreen-2015-04-17_10-30-12-AM.png
4/17/2015 10:30:21 AM : Going Back to Home screen.
4/17/2015 10:30:22 AM : System.Diagnostics.ProcessStartInfo
4/17/2015 10:30:27 AM : d41c9385_currentScreen-2015-04-17_10-30-22-AM.png
4/17/2015 10:30:27 AM : Clicking by template DialerIconStart.png
4/17/2015 10:30:28 AM : Verfiying template DialerIconStart.png
4/17/2015 10:30:28 AM : Accuracy is D=0.999996542930603
4/17/2015 10:30:28 AM : Template DialerIconStart.png is Verified. 
4/17/2015 10:30:28 AM : Touching on  X=378, Y=863
4/17/2015 10:30:28 AM : System.Diagnostics.ProcessStartInfo
4/17/2015 10:30:35 AM : d41c9385_currentScreen-2015-04-17_10-30-28-AM.png
4/17/2015 10:30:35 AM : typing #932#
4/17/2015 10:30:36 AM : System.Diagnostics.ProcessStartInfo
4/17/2015 10:30:43 AM : d41c9385_currentScreen-2015-04-17_10-30-36-AM.png
4/17/2015 10:30:43 AM : Clicking by template DialerIconCall.png
4/17/2015 10:30:44 AM : Verfiying template DialerIconCall.png
4/17/2015 10:30:44 AM : Accuracy is D=1
4/17/2015 10:30:44 AM : Template DialerIconCall.png is Verified. 
4/17/2015 10:30:44 AM : Touching on  X=268, Y=910
4/17/2015 10:30:44 AM : System.Diagnostics.ProcessStartInfo
4/17/2015 10:30:50 AM : d41c9385_currentScreen-2015-04-17_10-30-44-AM.png
4/17/2015 10:30:51 AM : Wait 10 seconds to get the datausage message
4/17/2015 10:31:02 AM : Taking screen shot...
4/17/2015 10:31:02 AM : System.Diagnostics.ProcessStartInfo
4/17/2015 10:31:07 AM : d41c9385_currentScreen-2015-04-17_10-31-02-AM.png
4/17/2015 10:31:11 AM : Clicking by template WEB_OK.png
4/17/2015 10:31:11 AM : Verfiying template WEB_OK.png
4/17/2015 10:31:11 AM : Accuracy is D=0.99991238117218
4/17/2015 10:31:11 AM : Template WEB_OK.png is Verified. 
4/17/2015 10:31:11 AM : Touching on  X=270, Y=590
4/17/2015 10:31:11 AM : System.Diagnostics.ProcessStartInfo
4/17/2015 10:31:17 AM : d41c9385_currentScreen-2015-04-17_10-31-11-AM.png
4/17/2015 10:31:18 AM : Start TCPDump
4/17/2015 10:31:18 AM : Clicking by template DialerIconStart.png
4/17/2015 10:31:18 AM : Verfiying template DialerIconStart.png
4/17/2015 10:31:18 AM : Accuracy is D=0.736172378063202
4/17/2015 10:31:18 AM : Template DialerIconStart.png is not Verified!
4/17/2015 10:31:18 AM : typing *#9900#
4/17/2015 10:31:18 AM : System.Diagnostics.ProcessStartInfo
4/17/2015 10:31:26 AM : d41c9385_currentScreen-2015-04-17_10-31-18-AM.png
4/17/2015 10:31:26 AM : Taking screen shot...
4/17/2015 10:31:27 AM : System.Diagnostics.ProcessStartInfo
4/17/2015 10:31:32 AM : d41c9385_currentScreen-2015-04-17_10-31-27-AM.png
4/17/2015 10:31:33 AM : Scrolling two page down..
4/17/2015 10:31:33 AM : System.Diagnostics.ProcessStartInfo
4/17/2015 10:31:40 AM : d41c9385_currentScreen-2015-04-17_10-31-33-AM.png
4/17/2015 10:31:40 AM : Taking screen shot...
4/17/2015 10:31:41 AM : System.Diagnostics.ProcessStartInfo
4/17/2015 10:31:46 AM : d41c9385_currentScreen-2015-04-17_10-31-41-AM.png
4/17/2015 10:31:46 AM : Clicking by template TCPDUMPSTART.png
4/17/2015 10:31:47 AM : Verfiying template TCPDUMPSTART.png
4/17/2015 10:31:47 AM : Accuracy is D=0.999999284744263
4/17/2015 10:31:47 AM : Template TCPDUMPSTART.png is Verified. 
4/17/2015 10:31:47 AM : Touching on  X=269, Y=418
4/17/2015 10:31:47 AM : System.Diagnostics.ProcessStartInfo
4/17/2015 10:31:54 AM : d41c9385_currentScreen-2015-04-17_10-31-47-AM.png
4/17/2015 10:31:54 AM : Clicking by template TCPDUMPSTART_ANY.png
4/17/2015 10:31:55 AM : Verfiying template TCPDUMPSTART_ANY.png
4/17/2015 10:31:55 AM : Accuracy is D=0.99999988079071
4/17/2015 10:31:55 AM : Template TCPDUMPSTART_ANY.png is Verified. 
4/17/2015 10:31:55 AM : Touching on  X=267, Y=83
4/17/2015 10:31:55 AM : System.Diagnostics.ProcessStartInfo
4/17/2015 10:32:01 AM : d41c9385_currentScreen-2015-04-17_10-31-55-AM.png
4/17/2015 10:32:02 AM : Clicking by template TCPDUMPSTART_OK.png
4/17/2015 10:32:02 AM : Verfiying template TCPDUMPSTART_OK.png
4/17/2015 10:32:02 AM : Accuracy is D=1
4/17/2015 10:32:02 AM : Template TCPDUMPSTART_OK.png is Verified. 
4/17/2015 10:32:02 AM : Touching on  X=393, Y=912
4/17/2015 10:32:02 AM : System.Diagnostics.ProcessStartInfo
4/17/2015 10:32:09 AM : d41c9385_currentScreen-2015-04-17_10-32-02-AM.png
4/17/2015 10:32:09 AM : Going Back to Home screen.
4/17/2015 10:32:10 AM : System.Diagnostics.ProcessStartInfo
4/17/2015 10:32:16 AM : d41c9385_currentScreen-2015-04-17_10-32-10-AM.png
4/17/2015 10:32:16 AM : Going Back to Home screen.
4/17/2015 10:32:17 AM : System.Diagnostics.ProcessStartInfo
4/17/2015 10:32:22 AM : d41c9385_currentScreen-2015-04-17_10-32-17-AM.png
4/17/2015 10:32:23 AM : Play band Alternat
4/17/2015 10:32:23 AM : Start Pandora
4/17/2015 10:32:23 AM : Clicking by template PandoraStartIcon.png
4/17/2015 10:32:23 AM : Verfiying template PandoraStartIcon.png
4/17/2015 10:32:23 AM : Accuracy is D=0.999983251094818
4/17/2015 10:32:23 AM : Template PandoraStartIcon.png is Verified. 
4/17/2015 10:32:23 AM : Touching on  X=69, Y=264
4/17/2015 10:32:23 AM : System.Diagnostics.ProcessStartInfo
4/17/2015 10:32:30 AM : d41c9385_currentScreen-2015-04-17_10-32-23-AM.png
4/17/2015 10:32:30 AM : Taking screen shot...
4/17/2015 10:32:31 AM : System.Diagnostics.ProcessStartInfo
4/17/2015 10:32:36 AM : d41c9385_currentScreen-2015-04-17_10-32-31-AM.png
4/17/2015 10:32:37 AM : Clicking by template PandroaRadioPause.png
4/17/2015 10:32:38 AM : Verfiying template PandroaRadioPause.png
4/17/2015 10:32:38 AM : Accuracy is D=0.460616916418076
4/17/2015 10:32:38 AM : Template PandroaRadioPause.png is not Verified!
4/17/2015 10:32:38 AM : Clicking by template PandoraBackToList.png
4/17/2015 10:32:38 AM : Verfiying template PandoraBackToList.png
4/17/2015 10:32:38 AM : Accuracy is D=0.498478710651398
4/17/2015 10:32:38 AM : Template PandoraBackToList.png is not Verified!
4/17/2015 10:32:38 AM : Taking screen shot...
4/17/2015 10:32:38 AM : System.Diagnostics.ProcessStartInfo
4/17/2015 10:32:43 AM : d41c9385_currentScreen-2015-04-17_10-32-38-AM.png
4/17/2015 10:32:46 AM : Going Back to Home screen.
4/17/2015 10:32:46 AM : System.Diagnostics.ProcessStartInfo
4/17/2015 10:32:52 AM : d41c9385_currentScreen-2015-04-17_10-32-46-AM.png
4/17/2015 10:32:52 AM : Play band Alternat
4/17/2015 10:32:53 AM : Start Pandora
4/17/2015 10:32:53 AM : Clicking by template PandoraStartIcon.png
4/17/2015 10:32:53 AM : Verfiying template PandoraStartIcon.png
4/17/2015 10:32:53 AM : Accuracy is D=0.45820340514183
4/17/2015 10:32:53 AM : Template PandoraStartIcon.png is not Verified!
4/17/2015 10:32:53 AM : Taking screen shot...
4/17/2015 10:32:53 AM : System.Diagnostics.ProcessStartInfo
4/17/2015 10:32:59 AM : d41c9385_currentScreen-2015-04-17_10-32-53-AM.png
4/17/2015 10:32:59 AM : Clicking by template PandroaRadioPause.png
4/17/2015 10:33:00 AM : Verfiying template PandroaRadioPause.png
4/17/2015 10:33:00 AM : Accuracy is D=0.259521871805191
4/17/2015 10:33:00 AM : Template PandroaRadioPause.png is not Verified!
4/17/2015 10:33:00 AM : Clicking by template PandoraBackToList.png
4/17/2015 10:33:00 AM : Verfiying template PandoraBackToList.png
4/17/2015 10:33:00 AM : Accuracy is D=0.536444544792175
4/17/2015 10:33:00 AM : Template PandoraBackToList.png is not Verified!
4/17/2015 10:33:00 AM : Taking screen shot...
4/17/2015 10:33:00 AM : System.Diagnostics.ProcessStartInfo
4/17/2015 10:33:05 AM : d41c9385_currentScreen-2015-04-17_10-33-00-AM.png
4/17/2015 10:33:08 AM : Going Back to Home screen.
4/17/2015 10:33:08 AM : System.Diagnostics.ProcessStartInfo
4/17/2015 10:33:13 AM : d41c9385_currentScreen-2015-04-17_10-33-08-AM.png
4/17/2015 10:33:14 AM : Play band Alternat
4/17/2015 10:33:14 AM : Start Pandora
4/17/2015 10:33:14 AM : Clicking by template PandoraStartIcon.png
4/17/2015 10:33:14 AM : Verfiying template PandoraStartIcon.png
4/17/2015 10:33:15 AM : Accuracy is D=0.45820340514183
4/17/2015 10:33:15 AM : Template PandoraStartIcon.png is not Verified!
4/17/2015 10:33:15 AM : Taking screen shot...
4/17/2015 10:33:15 AM : System.Diagnostics.ProcessStartInfo
4/17/2015 10:33:20 AM : d41c9385_currentScreen-2015-04-17_10-33-15-AM.png
4/17/2015 10:33:20 AM : Clicking by template PandroaRadioPause.png
4/17/2015 10:33:21 AM : Verfiying template PandroaRadioPause.png
4/17/2015 10:33:21 AM : Accuracy is D=0.259522616863251
4/17/2015 10:33:21 AM : Template PandroaRadioPause.png is not Verified!
4/17/2015 10:33:21 AM : Clicking by template PandoraBackToList.png
4/17/2015 10:33:21 AM : Verfiying template PandoraBackToList.png
4/17/2015 10:33:21 AM : Accuracy is D=0.536444544792175
4/17/2015 10:33:21 AM : Template PandoraBackToList.png is not Verified!
4/17/2015 10:33:21 AM : Taking screen shot...
4/17/2015 10:33:21 AM : System.Diagnostics.ProcessStartInfo
4/17/2015 10:33:27 AM : d41c9385_currentScreen-2015-04-17_10-33-21-AM.png
4/17/2015 10:33:29 AM : Going Back to Home screen.
4/17/2015 10:33:29 AM : System.Diagnostics.ProcessStartInfo
4/17/2015 10:33:35 AM : d41c9385_currentScreen-2015-04-17_10-33-29-AM.png
4/17/2015 10:33:35 AM : Play band Alternat
4/17/2015 10:33:36 AM : Start Pandora
4/17/2015 10:33:36 AM : Clicking by template PandoraStartIcon.png
4/17/2015 10:33:36 AM : Verfiying template PandoraStartIcon.png
4/17/2015 10:33:36 AM : Accuracy is D=0.45820340514183
4/17/2015 10:33:36 AM : Template PandoraStartIcon.png is not Verified!
4/17/2015 10:33:36 AM : Taking screen shot...
4/17/2015 10:33:36 AM : System.Diagnostics.ProcessStartInfo
4/17/2015 10:33:41 AM : d41c9385_currentScreen-2015-04-17_10-33-36-AM.png
4/17/2015 10:33:42 AM : Clicking by template PandroaRadioPause.png
4/17/2015 10:33:43 AM : Verfiying template PandroaRadioPause.png
4/17/2015 10:33:43 AM : Accuracy is D=0.259522616863251
4/17/2015 10:33:43 AM : Template PandroaRadioPause.png is not Verified!
4/17/2015 10:33:43 AM : Clicking by template PandoraBackToList.png
4/17/2015 10:33:43 AM : Verfiying template PandoraBackToList.png
4/17/2015 10:33:43 AM : Accuracy is D=0.536444544792175
4/17/2015 10:33:43 AM : Template PandoraBackToList.png is not Verified!
4/17/2015 10:33:43 AM : Taking screen shot...
4/17/2015 10:33:43 AM : System.Diagnostics.ProcessStartInfo
4/17/2015 10:33:48 AM : d41c9385_currentScreen-2015-04-17_10-33-43-AM.png
4/17/2015 10:33:51 AM : Going Back to Home screen.
4/17/2015 10:33:51 AM : System.Diagnostics.ProcessStartInfo
4/17/2015 10:33:56 AM : d41c9385_currentScreen-2015-04-17_10-33-51-AM.png
4/17/2015 10:33:57 AM : Play band Alternat
4/17/2015 10:33:57 AM : Start Pandora
4/17/2015 10:33:57 AM : Clicking by template PandoraStartIcon.png
4/17/2015 10:33:57 AM : Verfiying template PandoraStartIcon.png
4/17/2015 10:33:57 AM : Accuracy is D=0.45820340514183
4/17/2015 10:33:57 AM : Template PandoraStartIcon.png is not Verified!
4/17/2015 10:33:58 AM : Taking screen shot...
4/17/2015 10:33:58 AM : System.Diagnostics.ProcessStartInfo
4/17/2015 10:34:03 AM : d41c9385_currentScreen-2015-04-17_10-33-58-AM.png
4/17/2015 10:34:03 AM : Clicking by template PandroaRadioPause.png
4/17/2015 10:34:04 AM : Verfiying template PandroaRadioPause.png
4/17/2015 10:34:04 AM : Accuracy is D=0.259935259819031
4/17/2015 10:34:04 AM : Template PandroaRadioPause.png is not Verified!
4/17/2015 10:34:04 AM : Clicking by template PandoraBackToList.png
4/17/2015 10:34:04 AM : Verfiying template PandoraBackToList.png
4/17/2015 10:34:04 AM : Accuracy is D=0.536444544792175
4/17/2015 10:34:04 AM : Template PandoraBackToList.png is not Verified!
4/17/2015 10:34:04 AM : Taking screen shot...
4/17/2015 10:34:04 AM : System.Diagnostics.ProcessStartInfo
4/17/2015 10:34:10 AM : d41c9385_currentScreen-2015-04-17_10-34-04-AM.png
4/17/2015 10:34:12 AM : Going Back to Home screen.
4/17/2015 10:34:12 AM : System.Diagnostics.ProcessStartInfo
4/17/2015 10:34:18 AM : d41c9385_currentScreen-2015-04-17_10-34-12-AM.png
4/17/2015 10:34:18 AM : Play band Alternat
4/17/2015 10:34:19 AM : Start Pandora
4/17/2015 10:34:19 AM : Clicking by template PandoraStartIcon.png
4/17/2015 10:34:19 AM : Verfiying template PandoraStartIcon.png
4/17/2015 10:34:19 AM : Accuracy is D=0.45820340514183
4/17/2015 10:34:19 AM : Template PandoraStartIcon.png is not Verified!
4/17/2015 10:34:19 AM : Taking screen shot...
4/17/2015 10:34:19 AM : System.Diagnostics.ProcessStartInfo
4/17/2015 10:34:25 AM : d41c9385_currentScreen-2015-04-17_10-34-19-AM.png
4/17/2015 10:34:25 AM : Clicking by template PandroaRadioPause.png
4/17/2015 10:34:26 AM : Verfiying template PandroaRadioPause.png
4/17/2015 10:34:26 AM : Accuracy is D=0.259935259819031
4/17/2015 10:34:26 AM : Template PandroaRadioPause.png is not Verified!
4/17/2015 10:34:26 AM : Clicking by template PandoraBackToList.png
4/17/2015 10:34:26 AM : Verfiying template PandoraBackToList.png
4/17/2015 10:34:26 AM : Accuracy is D=0.536444544792175
4/17/2015 10:34:26 AM : Template PandoraBackToList.png is not Verified!
4/17/2015 10:34:26 AM : Taking screen shot...
4/17/2015 10:34:26 AM : System.Diagnostics.ProcessStartInfo
4/17/2015 10:34:32 AM : d41c9385_currentScreen-2015-04-17_10-34-26-AM.png
4/17/2015 10:34:34 AM : Going Back to Home screen.
4/17/2015 10:34:34 AM : System.Diagnostics.ProcessStartInfo
4/17/2015 10:34:39 AM : d41c9385_currentScreen-2015-04-17_10-34-34-AM.png
4/17/2015 10:34:40 AM : Play band Alternat
4/17/2015 10:34:40 AM : Start Pandora
4/17/2015 10:34:40 AM : Clicking by template PandoraStartIcon.png
4/17/2015 10:34:41 AM : Verfiying template PandoraStartIcon.png
4/17/2015 10:34:41 AM : Accuracy is D=0.45820340514183
4/17/2015 10:34:41 AM : Template PandoraStartIcon.png is not Verified!
4/17/2015 10:34:41 AM : Taking screen shot...
4/17/2015 10:34:41 AM : System.Diagnostics.ProcessStartInfo
4/17/2015 10:34:46 AM : d41c9385_currentScreen-2015-04-17_10-34-41-AM.png
4/17/2015 10:34:47 AM : Clicking by template PandroaRadioPause.png
4/17/2015 10:34:47 AM : Verfiying template PandroaRadioPause.png
4/17/2015 10:34:47 AM : Accuracy is D=0.259935259819031
4/17/2015 10:34:47 AM : Template PandroaRadioPause.png is not Verified!
4/17/2015 10:34:47 AM : Clicking by template PandoraBackToList.png
4/17/2015 10:34:47 AM : Verfiying template PandoraBackToList.png
4/17/2015 10:34:47 AM : Accuracy is D=0.536444544792175
4/17/2015 10:34:47 AM : Template PandoraBackToList.png is not Verified!
4/17/2015 10:34:48 AM : Taking screen shot...
4/17/2015 10:34:48 AM : System.Diagnostics.ProcessStartInfo
4/17/2015 10:34:53 AM : d41c9385_currentScreen-2015-04-17_10-34-48-AM.png
4/17/2015 10:34:55 AM : Going Back to Home screen.
4/17/2015 10:34:55 AM : System.Diagnostics.ProcessStartInfo
4/17/2015 10:35:01 AM : d41c9385_currentScreen-2015-04-17_10-34-55-AM.png
4/17/2015 10:35:02 AM : Play band Alternat
4/17/2015 10:35:02 AM : Start Pandora
4/17/2015 10:35:02 AM : Clicking by template PandoraStartIcon.png
4/17/2015 10:35:02 AM : Verfiying template PandoraStartIcon.png
4/17/2015 10:35:02 AM : Accuracy is D=0.45820340514183
4/17/2015 10:35:02 AM : Template PandoraStartIcon.png is not Verified!
4/17/2015 10:35:02 AM : Taking screen shot...
4/17/2015 10:35:02 AM : System.Diagnostics.ProcessStartInfo
4/17/2015 10:35:08 AM : d41c9385_currentScreen-2015-04-17_10-35-02-AM.png
4/17/2015 10:35:08 AM : Clicking by template PandroaRadioPause.png
4/17/2015 10:35:09 AM : Verfiying template PandroaRadioPause.png
4/17/2015 10:35:09 AM : Accuracy is D=0.259521871805191
4/17/2015 10:35:09 AM : Template PandroaRadioPause.png is not Verified!
4/17/2015 10:35:09 AM : Clicking by template PandoraBackToList.png
4/17/2015 10:35:09 AM : Verfiying template PandoraBackToList.png
4/17/2015 10:35:09 AM : Accuracy is D=0.536444365978241
4/17/2015 10:35:09 AM : Template PandoraBackToList.png is not Verified!
4/17/2015 10:35:09 AM : Taking screen shot...
4/17/2015 10:35:09 AM : System.Diagnostics.ProcessStartInfo
4/17/2015 10:35:15 AM : d41c9385_currentScreen-2015-04-17_10-35-09-AM.png
4/17/2015 10:35:17 AM : Going Back to Home screen.
4/17/2015 10:35:17 AM : System.Diagnostics.ProcessStartInfo
4/17/2015 10:35:23 AM : d41c9385_currentScreen-2015-04-17_10-35-17-AM.png
4/17/2015 10:35:23 AM : Play band Alternat
4/17/2015 10:35:24 AM : Start Pandora
4/17/2015 10:35:24 AM : Clicking by template PandoraStartIcon.png
4/17/2015 10:35:24 AM : Verfiying template PandoraStartIcon.png
4/17/2015 10:35:24 AM : Accuracy is D=0.45820340514183
4/17/2015 10:35:24 AM : Template PandoraStartIcon.png is not Verified!
4/17/2015 10:35:24 AM : Taking screen shot...
4/17/2015 10:35:24 AM : System.Diagnostics.ProcessStartInfo
4/17/2015 10:35:29 AM : d41c9385_currentScreen-2015-04-17_10-35-24-AM.png
4/17/2015 10:35:30 AM : Clicking by template PandroaRadioPause.png
4/17/2015 10:35:30 AM : Verfiying template PandroaRadioPause.png
4/17/2015 10:35:30 AM : Accuracy is D=0.259521871805191
4/17/2015 10:35:30 AM : Template PandroaRadioPause.png is not Verified!
4/17/2015 10:35:30 AM : Clicking by template PandoraBackToList.png
4/17/2015 10:35:30 AM : Verfiying template PandoraBackToList.png
4/17/2015 10:35:31 AM : Accuracy is D=0.536444544792175
4/17/2015 10:35:31 AM : Template PandoraBackToList.png is not Verified!
4/17/2015 10:35:31 AM : Taking screen shot...
4/17/2015 10:35:31 AM : System.Diagnostics.ProcessStartInfo
4/17/2015 10:35:36 AM : d41c9385_currentScreen-2015-04-17_10-35-31-AM.png
4/17/2015 10:35:38 AM : Going Back to Home screen.
4/17/2015 10:35:38 AM : System.Diagnostics.ProcessStartInfo
4/17/2015 10:35:44 AM : d41c9385_currentScreen-2015-04-17_10-35-38-AM.png
4/17/2015 10:35:45 AM : Play band Alternat
4/17/2015 10:35:45 AM : Start Pandora
4/17/2015 10:35:45 AM : Clicking by template PandoraStartIcon.png
4/17/2015 10:35:45 AM : Verfiying template PandoraStartIcon.png
4/17/2015 10:35:45 AM : Accuracy is D=0.45820340514183
4/17/2015 10:35:45 AM : Template PandoraStartIcon.png is not Verified!
4/17/2015 10:35:45 AM : Taking screen shot...
4/17/2015 10:35:45 AM : System.Diagnostics.ProcessStartInfo
4/17/2015 10:35:51 AM : d41c9385_currentScreen-2015-04-17_10-35-45-AM.png
4/17/2015 10:35:51 AM : Clicking by template PandroaRadioPause.png
4/17/2015 10:35:52 AM : Verfiying template PandroaRadioPause.png
4/17/2015 10:35:52 AM : Accuracy is D=0.259521871805191
4/17/2015 10:35:52 AM : Template PandroaRadioPause.png is not Verified!
4/17/2015 10:35:52 AM : Clicking by template PandoraBackToList.png
4/17/2015 10:35:52 AM : Verfiying template PandoraBackToList.png
4/17/2015 10:35:52 AM : Accuracy is D=0.536444365978241
4/17/2015 10:35:52 AM : Template PandoraBackToList.png is not Verified!
4/17/2015 10:35:52 AM : Taking screen shot...
4/17/2015 10:35:52 AM : System.Diagnostics.ProcessStartInfo
4/17/2015 10:35:58 AM : d41c9385_currentScreen-2015-04-17_10-35-52-AM.png
4/17/2015 10:36:00 AM : Going Back to Home screen.
4/17/2015 10:36:00 AM : System.Diagnostics.ProcessStartInfo
4/17/2015 10:36:06 AM : d41c9385_currentScreen-2015-04-17_10-36-00-AM.png
4/17/2015 10:36:06 AM : Play band Alternat
4/17/2015 10:36:07 AM : Start Pandora
4/17/2015 10:36:07 AM : Clicking by template PandoraStartIcon.png
4/17/2015 10:36:07 AM : Verfiying template PandoraStartIcon.png
4/17/2015 10:36:07 AM : Accuracy is D=0.999983251094818
4/17/2015 10:36:07 AM : Template PandoraStartIcon.png is Verified. 
4/17/2015 10:36:07 AM : Touching on  X=69, Y=264
4/17/2015 10:36:07 AM : System.Diagnostics.ProcessStartInfo
4/17/2015 10:36:13 AM : d41c9385_currentScreen-2015-04-17_10-36-07-AM.png
4/17/2015 10:36:14 AM : Taking screen shot...
4/17/2015 10:36:14 AM : System.Diagnostics.ProcessStartInfo
4/17/2015 10:36:20 AM : d41c9385_currentScreen-2015-04-17_10-36-14-AM.png
4/17/2015 10:36:20 AM : Clicking by template PandroaRadioPause.png
4/17/2015 10:36:21 AM : Verfiying template PandroaRadioPause.png
4/17/2015 10:36:21 AM : Accuracy is D=0.999999582767487
4/17/2015 10:36:21 AM : Template PandroaRadioPause.png is Verified. 
4/17/2015 10:36:21 AM : Touching on  X=326, Y=900
4/17/2015 10:36:21 AM : System.Diagnostics.ProcessStartInfo
4/17/2015 10:36:27 AM : d41c9385_currentScreen-2015-04-17_10-36-21-AM.png
4/17/2015 10:36:28 AM : Clicking by template PandoraBackToList.png
4/17/2015 10:36:29 AM : Verfiying template PandoraBackToList.png
4/17/2015 10:36:29 AM : Accuracy is D=0.999999642372131
4/17/2015 10:36:29 AM : Template PandoraBackToList.png is Verified. 
4/17/2015 10:36:29 AM : Touching on  X=34, Y=74
4/17/2015 10:36:29 AM : System.Diagnostics.ProcessStartInfo
4/17/2015 10:36:35 AM : d41c9385_currentScreen-2015-04-17_10-36-29-AM.png
4/17/2015 10:36:36 AM : Taking screen shot...
4/17/2015 10:36:36 AM : System.Diagnostics.ProcessStartInfo
4/17/2015 10:36:42 AM : d41c9385_currentScreen-2015-04-17_10-36-36-AM.png
4/17/2015 10:36:45 AM : Clicking on Alternat play list
4/17/2015 10:36:45 AM : Clicking by template Alternat
4/17/2015 10:36:45 AM : Verfiying template Alternat
4/17/2015 10:36:45 AM : Template Alternat is Verified. 
4/17/2015 10:36:45 AM : Touching on  X=200, Y=865
4/17/2015 10:36:46 AM : System.Diagnostics.ProcessStartInfo
4/17/2015 10:36:52 AM : d41c9385_currentScreen-2015-04-17_10-36-45-AM.png
4/17/2015 10:36:52 AM : Waitting 35 for Alternat to play and skip and ads
4/17/2015 10:37:28 AM : Taking screen shot...
4/17/2015 10:37:28 AM : System.Diagnostics.ProcessStartInfo
4/17/2015 10:37:33 AM : d41c9385_currentScreen-2015-04-17_10-37-28-AM.png
4/17/2015 10:37:34 AM : Clicking by template SkipTpPandora.png
4/17/2015 10:37:35 AM : Verfiying template SkipTpPandora.png
4/17/2015 10:37:35 AM : Accuracy is D=0.509404480457306
4/17/2015 10:37:35 AM : Template SkipTpPandora.png is not Verified!
4/17/2015 10:37:35 AM : Clicking by template PandoraRadioStart.png
4/17/2015 10:37:35 AM : Verfiying template PandoraRadioStart.png
4/17/2015 10:37:35 AM : Accuracy is D=0.99999988079071
4/17/2015 10:37:35 AM : Template PandoraRadioStart.png is Verified. 
4/17/2015 10:37:35 AM : Touching on  X=328, Y=901
4/17/2015 10:37:35 AM : System.Diagnostics.ProcessStartInfo
4/17/2015 10:37:41 AM : d41c9385_currentScreen-2015-04-17_10-37-35-AM.png
4/17/2015 10:37:42 AM : Taking screen shot...
4/17/2015 10:37:42 AM : System.Diagnostics.ProcessStartInfo
4/17/2015 10:37:48 AM : d41c9385_currentScreen-2015-04-17_10-37-42-AM.png
4/17/2015 10:37:48 AM : Checking if Pandora Playing
4/17/2015 10:37:49 AM : Taking screen shot...
4/17/2015 10:37:49 AM : System.Diagnostics.ProcessStartInfo
4/17/2015 10:37:54 AM : d41c9385_currentScreen-2015-04-17_10-37-49-AM.png
4/17/2015 10:37:55 AM : verifying template PandroaRadioPause  PandroaRadioPause.png
4/17/2015 10:37:55 AM : Object reference not set to an instance of an object.
4/17/2015 10:37:55 AM : Verfiying template PandroaRadioPause.png
4/17/2015 10:37:55 AM : Accuracy is D=0.999999940395355
4/17/2015 10:37:55 AM : Template PandroaRadioPause.png is Verified. 
4/17/2015 10:37:55 AM : Pandora song is playing, will check every 1 minutes...........
4/17/2015 10:38:57 AM : Test still playing  , duration is  00:04:51
4/17/2015 10:38:57 AM : Taking screen shot...
4/17/2015 10:38:57 AM : System.Diagnostics.ProcessStartInfo
4/17/2015 10:39:02 AM : d41c9385_currentScreen-2015-04-17_10-38-57-AM.png
4/17/2015 10:39:02 AM : verifying template PandroaRadioPause  PandroaRadioPause.png
4/17/2015 10:39:03 AM : Object reference not set to an instance of an object.
4/17/2015 10:39:03 AM : Verfiying template PandroaRadioPause.png
4/17/2015 10:39:03 AM : Accuracy is D=0.999999582767487
4/17/2015 10:39:03 AM : Template PandroaRadioPause.png is Verified. 
4/17/2015 10:39:03 AM : Pandora song is playing, will check every 1 minutes...........
4/17/2015 10:40:04 AM : Test still playing  , duration is  00:05:59
4/17/2015 10:40:04 AM : Taking screen shot...
4/17/2015 10:40:04 AM : System.Diagnostics.ProcessStartInfo
4/17/2015 10:40:10 AM : d41c9385_currentScreen-2015-04-17_10-40-04-AM.png
4/17/2015 10:40:10 AM : verifying template PandroaRadioPause  PandroaRadioPause.png
4/17/2015 10:40:11 AM : Object reference not set to an instance of an object.
4/17/2015 10:40:11 AM : Verfiying template PandroaRadioPause.png
4/17/2015 10:40:11 AM : Accuracy is D=1
4/17/2015 10:40:11 AM : Template PandroaRadioPause.png is Verified. 
4/17/2015 10:40:11 AM : Pandora song is playing, will check every 1 minutes...........
4/17/2015 10:41:06 AM : Test ended  after 00:07:00
4/17/2015 10:41:06 AM : Going Back to Home screen.
4/17/2015 10:41:06 AM : System.Diagnostics.ProcessStartInfo
4/17/2015 10:41:12 AM : d41c9385_currentScreen-2015-04-17_10-41-06-AM.png
4/17/2015 10:41:12 AM : Going Back to Home screen.
4/17/2015 10:41:13 AM : System.Diagnostics.ProcessStartInfo
4/17/2015 10:41:18 AM : d41c9385_currentScreen-2015-04-17_10-41-13-AM.png
4/17/2015 10:41:19 AM : Clicking by template DialerIconStart.png
4/17/2015 10:41:19 AM : Verfiying template DialerIconStart.png
4/17/2015 10:41:20 AM : Accuracy is D=0.999996542930603
4/17/2015 10:41:20 AM : Template DialerIconStart.png is Verified. 
4/17/2015 10:41:20 AM : Touching on  X=378, Y=863
4/17/2015 10:41:20 AM : System.Diagnostics.ProcessStartInfo
4/17/2015 10:41:26 AM : d41c9385_currentScreen-2015-04-17_10-41-20-AM.png
4/17/2015 10:41:27 AM : typing #932#
4/17/2015 10:41:27 AM : System.Diagnostics.ProcessStartInfo
4/17/2015 10:41:34 AM : d41c9385_currentScreen-2015-04-17_10-41-27-AM.png
4/17/2015 10:41:34 AM : Clicking by template DialerIconCall.png
4/17/2015 10:41:35 AM : Verfiying template DialerIconCall.png
4/17/2015 10:41:35 AM : Accuracy is D=1
4/17/2015 10:41:35 AM : Template DialerIconCall.png is Verified. 
4/17/2015 10:41:35 AM : Touching on  X=268, Y=910
4/17/2015 10:41:35 AM : System.Diagnostics.ProcessStartInfo
4/17/2015 10:41:42 AM : d41c9385_currentScreen-2015-04-17_10-41-35-AM.png
4/17/2015 10:41:42 AM : Wait 10 seconds to get the datausage message
4/17/2015 10:41:53 AM : Taking screen shot...
4/17/2015 10:41:53 AM : System.Diagnostics.ProcessStartInfo
4/17/2015 10:41:58 AM : d41c9385_currentScreen-2015-04-17_10-41-53-AM.png
4/17/2015 10:42:01 AM : Clicking by template ok
4/17/2015 10:42:01 AM : Verfiying template ok
4/17/2015 10:42:03 AM : Template ok is not Verified!
4/17/2015 10:42:03 AM : Going Back to Home screen.
4/17/2015 10:42:03 AM : System.Diagnostics.ProcessStartInfo
4/17/2015 10:42:09 AM : d41c9385_currentScreen-2015-04-17_10-42-03-AM.png
4/17/2015 10:42:09 AM : verifying template DialerIconStart  DialerIconStart.png
4/17/2015 10:42:10 AM : Object reference not set to an instance of an object.
4/17/2015 10:42:10 AM : Verfiying template DialerIconStart.png
4/17/2015 10:42:10 AM : Accuracy is D=0.736172378063202
4/17/2015 10:42:10 AM : Template DialerIconStart.png is not Verified!
4/17/2015 10:42:10 AM : Stop TCPDump
4/17/2015 10:42:10 AM : typing *#9900#
4/17/2015 10:42:10 AM : System.Diagnostics.ProcessStartInfo
4/17/2015 10:42:17 AM : d41c9385_currentScreen-2015-04-17_10-42-10-AM.png
4/17/2015 10:42:18 AM : Taking screen shot...
4/17/2015 10:42:18 AM : System.Diagnostics.ProcessStartInfo
4/17/2015 10:42:24 AM : d41c9385_currentScreen-2015-04-17_10-42-18-AM.png
4/17/2015 10:42:24 AM : Scrolling two page down..
4/17/2015 10:42:25 AM : System.Diagnostics.ProcessStartInfo
4/17/2015 10:42:31 AM : d41c9385_currentScreen-2015-04-17_10-42-25-AM.png
4/17/2015 10:42:32 AM : Taking screen shot...
4/17/2015 10:42:32 AM : System.Diagnostics.ProcessStartInfo
4/17/2015 10:42:38 AM : d41c9385_currentScreen-2015-04-17_10-42-32-AM.png
4/17/2015 10:42:38 AM : Clicking by template TCPDUMPSTOP.png
4/17/2015 10:42:39 AM : Verfiying template TCPDUMPSTOP.png
4/17/2015 10:42:39 AM : Accuracy is D=0.999999821186066
4/17/2015 10:42:39 AM : Template TCPDUMPSTOP.png is Verified. 
4/17/2015 10:42:39 AM : Touching on  X=267, Y=423
4/17/2015 10:42:39 AM : System.Diagnostics.ProcessStartInfo
4/17/2015 10:42:45 AM : d41c9385_currentScreen-2015-04-17_10-42-39-AM.png
4/17/2015 10:42:46 AM : Clicking by template TCPDUMPSTOP_OK.png
4/17/2015 10:42:46 AM : Verfiying template TCPDUMPSTOP_OK.png
4/17/2015 10:42:46 AM : Accuracy is D=0.999999463558197
4/17/2015 10:42:46 AM : Template TCPDUMPSTOP_OK.png is Verified. 
4/17/2015 10:42:46 AM : Touching on  X=268, Y=588
4/17/2015 10:42:46 AM : System.Diagnostics.ProcessStartInfo
4/17/2015 10:42:53 AM : d41c9385_currentScreen-2015-04-17_10-42-46-AM.png
4/17/2015 10:42:53 AM : Scrolling  one page UP..
4/17/2015 10:42:54 AM : System.Diagnostics.ProcessStartInfo
4/17/2015 10:43:00 AM : d41c9385_currentScreen-2015-04-17_10-42-54-AM.png
4/17/2015 10:43:00 AM : Scrolling  one page UP..
4/17/2015 10:43:01 AM : System.Diagnostics.ProcessStartInfo
4/17/2015 10:43:07 AM : d41c9385_currentScreen-2015-04-17_10-43-01-AM.png
4/17/2015 10:43:07 AM : Scrolling  one page UP..
4/17/2015 10:43:08 AM : System.Diagnostics.ProcessStartInfo
4/17/2015 10:43:14 AM : d41c9385_currentScreen-2015-04-17_10-43-08-AM.png
4/17/2015 10:43:15 AM : Clicking by template TCPDUMPSTATE.png
4/17/2015 10:43:15 AM : Verfiying template TCPDUMPSTATE.png
4/17/2015 10:43:15 AM : Accuracy is D=0.357229590415955
4/17/2015 10:43:15 AM : Template TCPDUMPSTATE.png is not Verified!
4/17/2015 10:43:15 AM : Wait 10 seconds until template Template>> Name TCPDUMPSTOP_OK , Value TCPDUMPSTOP_OK.png , Index 1 , Accuracy 0.95   exists
4/17/2015 10:43:15 AM : verifying template TCPDUMPSTOP_OK  TCPDUMPSTOP_OK.png
4/17/2015 10:43:15 AM : Object reference not set to an instance of an object.
4/17/2015 10:43:15 AM : Verfiying template TCPDUMPSTOP_OK.png
4/17/2015 10:43:15 AM : Accuracy is D=0.450860619544983
4/17/2015 10:43:15 AM : Template TCPDUMPSTOP_OK.png is not Verified!
4/17/2015 10:43:15 AM : Taking screen shot...
4/17/2015 10:43:15 AM : System.Diagnostics.ProcessStartInfo
4/17/2015 10:43:21 AM : d41c9385_currentScreen-2015-04-17_10-43-15-AM.png
4/17/2015 10:44:21 AM : verifying template TCPDUMPSTOP_OK  TCPDUMPSTOP_OK.png
4/17/2015 10:44:21 AM : Object reference not set to an instance of an object.
4/17/2015 10:44:21 AM : Verfiying template TCPDUMPSTOP_OK.png
4/17/2015 10:44:21 AM : Accuracy is D=0.450860619544983
4/17/2015 10:44:21 AM : Template TCPDUMPSTOP_OK.png is not Verified!
4/17/2015 10:44:22 AM : Taking screen shot...
4/17/2015 10:44:22 AM : System.Diagnostics.ProcessStartInfo
4/17/2015 10:44:27 AM : d41c9385_currentScreen-2015-04-17_10-44-22-AM.png
4/17/2015 10:45:27 AM : verifying template TCPDUMPSTOP_OK  TCPDUMPSTOP_OK.png
4/17/2015 10:45:27 AM : Object reference not set to an instance of an object.
4/17/2015 10:45:27 AM : Verfiying template TCPDUMPSTOP_OK.png
4/17/2015 10:45:28 AM : Accuracy is D=0.450860619544983
4/17/2015 10:45:28 AM : Template TCPDUMPSTOP_OK.png is not Verified!
4/17/2015 10:45:28 AM : Taking screen shot...
4/17/2015 10:45:28 AM : System.Diagnostics.ProcessStartInfo
4/17/2015 10:45:33 AM : d41c9385_currentScreen-2015-04-17_10-45-28-AM.png
4/17/2015 10:46:33 AM : verifying template TCPDUMPSTOP_OK  TCPDUMPSTOP_OK.png
4/17/2015 10:46:33 AM : Object reference not set to an instance of an object.
4/17/2015 10:46:33 AM : Verfiying template TCPDUMPSTOP_OK.png
4/17/2015 10:46:34 AM : Accuracy is D=0.450860619544983
4/17/2015 10:46:34 AM : Template TCPDUMPSTOP_OK.png is not Verified!
4/17/2015 10:46:34 AM : Taking screen shot...
4/17/2015 10:46:34 AM : System.Diagnostics.ProcessStartInfo
4/17/2015 10:46:39 AM : d41c9385_currentScreen-2015-04-17_10-46-34-AM.png
4/17/2015 10:47:39 AM : verifying template TCPDUMPSTOP_OK  TCPDUMPSTOP_OK.png
4/17/2015 10:47:39 AM : Object reference not set to an instance of an object.
4/17/2015 10:47:39 AM : Verfiying template TCPDUMPSTOP_OK.png
4/17/2015 10:47:40 AM : Accuracy is D=0.450860619544983
4/17/2015 10:47:40 AM : Template TCPDUMPSTOP_OK.png is not Verified!
4/17/2015 10:47:40 AM : Taking screen shot...
4/17/2015 10:47:40 AM : System.Diagnostics.ProcessStartInfo
4/17/2015 10:47:45 AM : d41c9385_currentScreen-2015-04-17_10-47-40-AM.png
4/17/2015 10:48:45 AM : verifying template TCPDUMPSTOP_OK  TCPDUMPSTOP_OK.png
4/17/2015 10:48:45 AM : Object reference not set to an instance of an object.
4/17/2015 10:48:46 AM : Verfiying template TCPDUMPSTOP_OK.png
4/17/2015 10:48:46 AM : Accuracy is D=0.450860619544983
4/17/2015 10:48:46 AM : Template TCPDUMPSTOP_OK.png is not Verified!
4/17/2015 10:48:46 AM : Taking screen shot...
4/17/2015 10:48:46 AM : System.Diagnostics.ProcessStartInfo
4/17/2015 10:48:51 AM : d41c9385_currentScreen-2015-04-17_10-48-46-AM.png
4/17/2015 10:49:52 AM : verifying template TCPDUMPSTOP_OK  TCPDUMPSTOP_OK.png
4/17/2015 10:49:52 AM : Object reference not set to an instance of an object.
4/17/2015 10:49:52 AM : Verfiying template TCPDUMPSTOP_OK.png
4/17/2015 10:49:52 AM : Accuracy is D=0.450860619544983
4/17/2015 10:49:52 AM : Template TCPDUMPSTOP_OK.png is not Verified!
4/17/2015 10:49:52 AM : Taking screen shot...
4/17/2015 10:49:52 AM : System.Diagnostics.ProcessStartInfo
4/17/2015 10:49:57 AM : d41c9385_currentScreen-2015-04-17_10-49-52-AM.png
4/17/2015 10:50:58 AM : verifying template TCPDUMPSTOP_OK  TCPDUMPSTOP_OK.png
4/17/2015 10:50:58 AM : Object reference not set to an instance of an object.
4/17/2015 10:50:58 AM : Verfiying template TCPDUMPSTOP_OK.png
4/17/2015 10:50:58 AM : Accuracy is D=0.450860619544983
4/17/2015 10:50:58 AM : Template TCPDUMPSTOP_OK.png is not Verified!
4/17/2015 10:50:58 AM : Taking screen shot...
4/17/2015 10:50:58 AM : System.Diagnostics.ProcessStartInfo
4/17/2015 10:51:03 AM : d41c9385_currentScreen-2015-04-17_10-50-58-AM.png
4/17/2015 10:52:03 AM : verifying template TCPDUMPSTOP_OK  TCPDUMPSTOP_OK.png
4/17/2015 10:52:04 AM : Object reference not set to an instance of an object.
4/17/2015 10:52:04 AM : Verfiying template TCPDUMPSTOP_OK.png
4/17/2015 10:52:04 AM : Accuracy is D=0.450860619544983
4/17/2015 10:52:04 AM : Template TCPDUMPSTOP_OK.png is not Verified!
4/17/2015 10:52:04 AM : Taking screen shot...
4/17/2015 10:52:04 AM : System.Diagnostics.ProcessStartInfo
4/17/2015 10:52:09 AM : d41c9385_currentScreen-2015-04-17_10-52-04-AM.png
4/17/2015 10:53:10 AM : verifying template TCPDUMPSTOP_OK  TCPDUMPSTOP_OK.png
4/17/2015 10:53:10 AM : Object reference not set to an instance of an object.
4/17/2015 10:53:10 AM : Verfiying template TCPDUMPSTOP_OK.png
4/17/2015 10:53:10 AM : Accuracy is D=0.450860619544983
4/17/2015 10:53:10 AM : Template TCPDUMPSTOP_OK.png is not Verified!
4/17/2015 10:53:10 AM : Taking screen shot...
4/17/2015 10:53:10 AM : System.Diagnostics.ProcessStartInfo
4/17/2015 10:53:15 AM : d41c9385_currentScreen-2015-04-17_10-53-10-AM.png
4/17/2015 10:54:16 AM : verifying template TCPDUMPSTOP_OK  TCPDUMPSTOP_OK.png
4/17/2015 10:54:16 AM : Object reference not set to an instance of an object.
4/17/2015 10:54:16 AM : Verfiying template TCPDUMPSTOP_OK.png
4/17/2015 10:54:16 AM : Accuracy is D=0.450860619544983
4/17/2015 10:54:16 AM : Template TCPDUMPSTOP_OK.png is not Verified!
4/17/2015 10:54:16 AM : Taking screen shot...
4/17/2015 10:54:16 AM : System.Diagnostics.ProcessStartInfo
4/17/2015 10:54:21 AM : d41c9385_currentScreen-2015-04-17_10-54-16-AM.png
4/17/2015 10:55:22 AM : System.Diagnostics.ProcessStartInfo
4/17/2015 10:55:23 AM : ************************End TestCase 0.1************************
